<?xml version="1.0" encoding="UTF-8"?><testsuite name="nosetests" tests="96" errors="0" failures="0" skip="0"><testcase classname="opnfv_testapi.tests.unit.test_fake_pymongo.MyTest" name="test_find" time="0.018"></testcase><testcase classname="opnfv_testapi.tests.unit.test_fake_pymongo.MyTest" name="test_find_one" time="0.011"></testcase><testcase classname="opnfv_testapi.tests.unit.test_fake_pymongo.MyTest" name="test_insert_dollar_error" time="0.006"></testcase><testcase classname="opnfv_testapi.tests.unit.test_fake_pymongo.MyTest" name="test_insert_dollar_no_error" time="0.008"></testcase><testcase classname="opnfv_testapi.tests.unit.test_fake_pymongo.MyTest" name="test_insert_dot_error" time="0.008"></testcase><testcase classname="opnfv_testapi.tests.unit.test_fake_pymongo.MyTest" name="test_insert_dot_no_error" time="0.009"></testcase><testcase classname="opnfv_testapi.tests.unit.test_fake_pymongo.MyTest" name="test_remove" time="0.007"></testcase><testcase classname="opnfv_testapi.tests.unit.test_fake_pymongo.MyTest" name="test_update" time="0.010"></testcase><testcase classname="opnfv_testapi.tests.unit.test_fake_pymongo.MyTest" name="test_update_dollar_error" time="0.009"></testcase><testcase classname="opnfv_testapi.tests.unit.test_fake_pymongo.MyTest" name="test_update_dollar_no_error" time="0.008"></testcase><testcase classname="opnfv_testapi.tests.unit.test_fake_pymongo.MyTest" name="test_update_dot_error" time="0.010"></testcase><testcase classname="opnfv_testapi.tests.unit.test_fake_pymongo.MyTest" name="test_update_dot_no_error" time="0.019"></testcase><testcase classname="opnfv_testapi.tests.unit.test_pod.TestPodCreate" name="test_alreadyExist" time="0.056"></testcase><testcase classname="opnfv_testapi.tests.unit.test_pod.TestPodCreate" name="test_emptyName" time="0.016"></testcase><testcase classname="opnfv_testapi.tests.unit.test_pod.TestPodCreate" name="test_noneName" time="0.013"></testcase><testcase classname="opnfv_testapi.tests.unit.test_pod.TestPodCreate" name="test_success" time="0.015"></testcase><testcase classname="opnfv_testapi.tests.unit.test_pod.TestPodCreate" name="test_withoutBody" time="0.011"></testcase><testcase classname="opnfv_testapi.tests.unit.test_pod.TestPodGet" name="test_getOne" time="0.029"></testcase><testcase classname="opnfv_testapi.tests.unit.test_pod.TestPodGet" name="test_list" time="0.036"></testcase><testcase classname="opnfv_testapi.tests.unit.test_pod.TestPodGet" name="test_notExist" time="0.012"></testcase><testcase classname="opnfv_testapi.tests.unit.test_project.TestProjectCreate" name="test_alreadyExist" time="0.022"></testcase><testcase classname="opnfv_testapi.tests.unit.test_project.TestProjectCreate" name="test_emptyName" time="0.013"></testcase><testcase classname="opnfv_testapi.tests.unit.test_project.TestProjectCreate" name="test_noneName" time="0.013"></testcase><testcase classname="opnfv_testapi.tests.unit.test_project.TestProjectCreate" name="test_success" time="0.016"></testcase><testcase classname="opnfv_testapi.tests.unit.test_project.TestProjectCreate" name="test_withoutBody" time="0.013"></testcase><testcase classname="opnfv_testapi.tests.unit.test_project.TestProjectDelete" name="test_notFound" time="0.013"></testcase><testcase classname="opnfv_testapi.tests.unit.test_project.TestProjectDelete" name="test_success" time="0.038"></testcase><testcase classname="opnfv_testapi.tests.unit.test_project.TestProjectGet" name="test_getOne" time="0.023"></testcase><testcase classname="opnfv_testapi.tests.unit.test_project.TestProjectGet" name="test_list" time="0.045"></testcase><testcase classname="opnfv_testapi.tests.unit.test_project.TestProjectGet" name="test_notExist" time="0.012"></testcase><testcase classname="opnfv_testapi.tests.unit.test_project.TestProjectUpdate" name="test_newNameExist" time="0.035"></testcase><testcase classname="opnfv_testapi.tests.unit.test_project.TestProjectUpdate" name="test_noUpdate" time="0.023"></testcase><testcase classname="opnfv_testapi.tests.unit.test_project.TestProjectUpdate" name="test_notFound" time="0.015"></testcase><testcase classname="opnfv_testapi.tests.unit.test_project.TestProjectUpdate" name="test_success" time="0.052"></testcase><testcase classname="opnfv_testapi.tests.unit.test_project.TestProjectUpdate" name="test_withoutBody" time="0.010"></testcase><testcase classname="opnfv_testapi.tests.unit.test_result.TestResultCreate" name="test_key_with_doc" time="0.060"></testcase><testcase classname="opnfv_testapi.tests.unit.test_result.TestResultCreate" name="test_noPod" time="0.052"></testcase><testcase classname="opnfv_testapi.tests.unit.test_result.TestResultCreate" name="test_noProject" time="0.055"></testcase><testcase classname="opnfv_testapi.tests.unit.test_result.TestResultCreate" name="test_noTestcase" time="0.053"></testcase><testcase classname="opnfv_testapi.tests.unit.test_result.TestResultCreate" name="test_no_ti" time="0.063"></testcase><testcase classname="opnfv_testapi.tests.unit.test_result.TestResultCreate" name="test_nobody" time="0.044"></testcase><testcase classname="opnfv_testapi.tests.unit.test_result.TestResultCreate" name="test_podNotProvided" time="0.045"></testcase><testcase classname="opnfv_testapi.tests.unit.test_result.TestResultCreate" name="test_projectNotProvided" time="0.048"></testcase><testcase classname="opnfv_testapi.tests.unit.test_result.TestResultCreate" name="test_success" time="0.069"></testcase><testcase classname="opnfv_testapi.tests.unit.test_result.TestResultCreate" name="test_testcaseNotProvided" time="0.047"></testcase><testcase classname="opnfv_testapi.tests.unit.test_result.TestResultGet" name="test_combination" time="0.071"></testcase><testcase classname="opnfv_testapi.tests.unit.test_result.TestResultGet" name="test_getOne" time="0.064"></testcase><testcase classname="opnfv_testapi.tests.unit.test_result.TestResultGet" name="test_notFound" time="0.069"></testcase><testcase classname="opnfv_testapi.tests.unit.test_result.TestResultGet" name="test_queryBuildTag" time="0.072"></testcase><testcase classname="opnfv_testapi.tests.unit.test_result.TestResultGet" name="test_queryCriteria" time="0.072"></testcase><testcase classname="opnfv_testapi.tests.unit.test_result.TestResultGet" name="test_queryInstaller" time="0.062"></testcase><testcase classname="opnfv_testapi.tests.unit.test_result.TestResultGet" name="test_queryLast" time="0.109"></testcase><testcase classname="opnfv_testapi.tests.unit.test_result.TestResultGet" name="test_queryLastNotInt" time="0.045"></testcase><testcase classname="opnfv_testapi.tests.unit.test_result.TestResultGet" name="test_queryPeriodFail" time="0.365"></testcase><testcase classname="opnfv_testapi.tests.unit.test_result.TestResultGet" name="test_queryPeriodNotInt" time="0.045"></testcase><testcase classname="opnfv_testapi.tests.unit.test_result.TestResultGet" name="test_queryPeriodSuccess" time="0.066"></testcase><testcase classname="opnfv_testapi.tests.unit.test_result.TestResultGet" name="test_queryPod" time="0.070"></testcase><testcase classname="opnfv_testapi.tests.unit.test_result.TestResultGet" name="test_queryProject" time="0.070"></testcase><testcase classname="opnfv_testapi.tests.unit.test_result.TestResultGet" name="test_queryScenario" time="0.066"></testcase><testcase classname="opnfv_testapi.tests.unit.test_result.TestResultGet" name="test_queryTestcase" time="0.068"></testcase><testcase classname="opnfv_testapi.tests.unit.test_result.TestResultGet" name="test_queryTrustIndicator" time="0.067"></testcase><testcase classname="opnfv_testapi.tests.unit.test_result.TestResultGet" name="test_queryVersion" time="0.064"></testcase><testcase classname="opnfv_testapi.tests.unit.test_result.TestResultUpdate" name="test_success" time="0.082"></testcase><testcase classname="opnfv_testapi.tests.unit.test_scenario.TestScenarioCreate" name="test_alreadyExist" time="0.033"></testcase><testcase classname="opnfv_testapi.tests.unit.test_scenario.TestScenarioCreate" name="test_emptyName" time="0.009"></testcase><testcase classname="opnfv_testapi.tests.unit.test_scenario.TestScenarioCreate" name="test_noneName" time="0.006"></testcase><testcase classname="opnfv_testapi.tests.unit.test_scenario.TestScenarioCreate" name="test_success" time="0.012"></testcase><testcase classname="opnfv_testapi.tests.unit.test_scenario.TestScenarioCreate" name="test_withoutBody" time="0.006"></testcase><testcase classname="opnfv_testapi.tests.unit.test_scenario.TestScenarioGet" name="test_getAll" time="0.053"></testcase><testcase classname="opnfv_testapi.tests.unit.test_scenario.TestScenarioGet" name="test_getByName" time="0.039"></testcase><testcase classname="opnfv_testapi.tests.unit.test_scenario.TestScenarioGet" name="test_queryCombination" time="0.051"></testcase><testcase classname="opnfv_testapi.tests.unit.test_scenario.TestScenarioGet" name="test_queryInstaller" time="0.070"></testcase><testcase classname="opnfv_testapi.tests.unit.test_scenario.TestScenarioGet" name="test_queryName" time="0.043"></testcase><testcase classname="opnfv_testapi.tests.unit.test_scenario.TestScenarioGet" name="test_queryProject" time="0.060"></testcase><testcase classname="opnfv_testapi.tests.unit.test_scenario.TestScenarioGet" name="test_queryVersion" time="0.049"></testcase><testcase classname="opnfv_testapi.tests.unit.test_scenario.TestScenarioUpdate" name="test_updateAddInstaller" time="0.041"></testcase><testcase classname="opnfv_testapi.tests.unit.test_scenario.TestScenarioUpdate" name="test_updateDeleteInstaller" time="0.035"></testcase><testcase classname="opnfv_testapi.tests.unit.test_scenario.TestScenarioUpdate" name="test_updateScenarioName" time="0.048"></testcase><testcase classname="opnfv_testapi.tests.unit.test_testcase.TestCaseCreate" name="test_alreadyExist" time="0.035"></testcase><testcase classname="opnfv_testapi.tests.unit.test_testcase.TestCaseCreate" name="test_emptyName" time="0.020"></testcase><testcase classname="opnfv_testapi.tests.unit.test_testcase.TestCaseCreate" name="test_noBody" time="0.022"></testcase><testcase classname="opnfv_testapi.tests.unit.test_testcase.TestCaseCreate" name="test_noProject" time="0.022"></testcase><testcase classname="opnfv_testapi.tests.unit.test_testcase.TestCaseCreate" name="test_noneName" time="0.026"></testcase><testcase classname="opnfv_testapi.tests.unit.test_testcase.TestCaseCreate" name="test_success" time="0.028"></testcase><testcase classname="opnfv_testapi.tests.unit.test_testcase.TestCaseDelete" name="test_notFound" time="0.027"></testcase><testcase classname="opnfv_testapi.tests.unit.test_testcase.TestCaseDelete" name="test_success" time="0.055"></testcase><testcase classname="opnfv_testapi.tests.unit.test_testcase.TestCaseGet" name="test_getOne" time="0.034"></testcase><testcase classname="opnfv_testapi.tests.unit.test_testcase.TestCaseGet" name="test_list" time="0.053"></testcase><testcase classname="opnfv_testapi.tests.unit.test_testcase.TestCaseGet" name="test_notExist" time="0.020"></testcase><testcase classname="opnfv_testapi.tests.unit.test_testcase.TestCaseUpdate" name="test_newNameExist" time="0.060"></testcase><testcase classname="opnfv_testapi.tests.unit.test_testcase.TestCaseUpdate" name="test_noBody" time="0.021"></testcase><testcase classname="opnfv_testapi.tests.unit.test_testcase.TestCaseUpdate" name="test_noUpdate" time="0.040"></testcase><testcase classname="opnfv_testapi.tests.unit.test_testcase.TestCaseUpdate" name="test_notFound" time="0.024"></testcase><testcase classname="opnfv_testapi.tests.unit.test_testcase.TestCaseUpdate" name="test_success" time="0.060"></testcase><testcase classname="opnfv_testapi.tests.unit.test_testcase.TestCaseUpdate" name="test_with_dollar" time="0.343"></testcase><testcase classname="opnfv_testapi.tests.unit.test_version.TestVersion" name="test_success" time="0.006"></testcase></testsuite>