{"components/auth-failure/authFailureController.js":{"b":{},"branchMap":{},"f":{"1":5,"2":0},"fnMap":{"1":{"line":15,"loc":{"end":{"column":13,"line":15},"start":{"column":1,"line":15}},"name":"(anonymous_1)"},"2":{"line":27,"loc":{"end":{"column":66,"line":27},"start":{"column":4,"line":27}},"name":"AuthFailureController"}},"path":"components/auth-failure/authFailureController.js","s":{"1":5,"2":5,"3":5,"4":5,"5":0,"6":0,"7":0,"8":0},"statementMap":{"1":{"end":{"column":5,"line":33},"start":{"column":0,"line":15}},"2":{"end":{"column":68,"line":20},"start":{"column":4,"line":18}},"3":{"end":{"column":74,"line":22},"start":{"column":4,"line":22}},"4":{"end":{"column":5,"line":32},"start":{"column":4,"line":27}},"5":{"end":{"column":24,"line":28},"start":{"column":8,"line":28}},"6":{"end":{"column":50,"line":29},"start":{"column":8,"line":29}},"7":{"end":{"column":70,"line":30},"start":{"column":8,"line":30}},"8":{"end":{"column":26,"line":31},"start":{"column":8,"line":31}}},"l":{"15":5,"18":5,"22":5,"27":5,"28":0,"29":0,"30":0,"31":0}},"components/logout/logoutController.js":{"b":{},"branchMap":{},"f":{"1":5,"2":0,"3":0},"fnMap":{"1":{"line":15,"loc":{"end":{"column":13,"line":15},"start":{"column":1,"line":15}},"name":"(anonymous_1)"},"2":{"line":34,"loc":{"end":{"column":60,"line":34},"start":{"column":4,"line":34}},"name":"LogoutController"},"3":{"line":40,"loc":{"end":{"column":48,"line":40},"start":{"column":37,"line":40}},"name":"(anonymous_3)"}},"path":"components/logout/logoutController.js","s":{"1":5,"2":5,"3":5,"4":5,"5":0,"6":0,"7":0,"8":0,"9":0,"10":0},"statementMap":{"1":{"end":{"column":5,"line":44},"start":{"column":0,"line":15}},"2":{"end":{"column":58,"line":20},"start":{"column":4,"line":18}},"3":{"end":{"column":6,"line":24},"start":{"column":4,"line":22}},"4":{"end":{"column":5,"line":43},"start":{"column":4,"line":34}},"5":{"end":{"column":24,"line":35},"start":{"column":8,"line":35}},"6":{"end":{"column":66,"line":37},"start":{"column":8,"line":37}},"7":{"end":{"column":34,"line":38},"start":{"column":8,"line":38}},"8":{"end":{"column":41,"line":39},"start":{"column":8,"line":39}},"9":{"end":{"column":16,"line":42},"start":{"column":8,"line":40}},"10":{"end":{"column":40,"line":41},"start":{"column":12,"line":41}}},"l":{"15":5,"18":5,"22":5,"34":5,"35":0,"37":0,"38":0,"39":0,"40":0,"41":0}},"components/pods/podsController.js":{"b":{"1":[0,0],"2":[0,0]},"branchMap":{"1":{"line":82,"locations":[{"end":{"column":12,"line":82},"start":{"column":12,"line":82}},{"end":{"column":12,"line":82},"start":{"column":12,"line":82}}],"type":"if"},"2":{"line":93,"locations":[{"end":{"column":24,"line":93},"start":{"column":24,"line":93}},{"end":{"column":24,"line":93},"start":{"column":24,"line":93}}],"type":"if"}},"f":{"1":5,"2":5,"3":0,"4":0,"5":0,"6":0,"7":1,"8":1,"9":0},"fnMap":{"1":{"line":15,"loc":{"end":{"column":13,"line":15},"start":{"column":1,"line":15}},"name":"(anonymous_1)"},"2":{"line":31,"loc":{"end":{"column":20,"line":32},"start":{"column":4,"line":31}},"name":"PodsController"},"3":{"line":62,"loc":{"end":{"column":39,"line":62},"start":{"column":8,"line":62}},"name":"open"},"4":{"line":72,"loc":{"end":{"column":32,"line":72},"start":{"column":8,"line":72}},"name":"clearFilters"},"5":{"line":79,"loc":{"end":{"column":26,"line":79},"start":{"column":8,"line":79}},"name":"create"},"6":{"line":91,"loc":{"end":{"column":77,"line":91},"start":{"column":53,"line":91}},"name":"(anonymous_6)"},"7":{"line":108,"loc":{"end":{"column":26,"line":108},"start":{"column":8,"line":108}},"name":"update"},"8":{"line":111,"loc":{"end":{"column":60,"line":111},"start":{"column":44,"line":111}},"name":"(anonymous_8)"},"9":{"line":113,"loc":{"end":{"column":42,"line":113},"start":{"column":25,"line":113}},"name":"(anonymous_9)"}},"path":"components/pods/podsController.js","s":{"1":5,"2":5,"3":5,"4":5,"5":5,"6":5,"7":5,"8":5,"9":5,"10":5,"11":5,"12":5,"13":5,"14":5,"15":5,"16":5,"17":5,"18":5,"19":0,"20":0,"21":0,"22":5,"23":0,"24":5,"25":0,"26":0,"27":0,"28":0,"29":0,"30":0,"31":0,"32":0,"33":0,"34":0,"35":5,"36":1,"37":1,"38":1,"39":0,"40":0,"41":0},"statementMap":{"1":{"end":{"column":5,"line":122},"start":{"column":0,"line":15}},"2":{"end":{"column":54,"line":20},"start":{"column":4,"line":18}},"3":{"end":{"column":6,"line":24},"start":{"column":4,"line":22}},"4":{"end":{"column":5,"line":121},"start":{"column":4,"line":31}},"5":{"end":{"column":24,"line":33},"start":{"column":8,"line":33}},"6":{"end":{"column":43,"line":34},"start":{"column":8,"line":34}},"7":{"end":{"column":29,"line":36},"start":{"column":8,"line":36}},"8":{"end":{"column":29,"line":37},"start":{"column":8,"line":37}},"9":{"end":{"column":25,"line":38},"start":{"column":8,"line":38}},"10":{"end":{"column":41,"line":39},"start":{"column":8,"line":39}},"11":{"end":{"column":55,"line":41},"start":{"column":8,"line":41}},"12":{"end":{"column":42,"line":42},"start":{"column":8,"line":42}},"13":{"end":{"column":10,"line":48},"start":{"column":8,"line":43}},"14":{"end":{"column":23,"line":50},"start":{"column":8,"line":50}},"15":{"end":{"column":35,"line":51},"start":{"column":8,"line":51}},"16":{"end":{"column":28,"line":52},"start":{"column":8,"line":52}},"17":{"end":{"column":26,"line":53},"start":{"column":8,"line":53}},"18":{"end":{"column":9,"line":66},"start":{"column":8,"line":62}},"19":{"end":{"column":36,"line":63},"start":{"column":12,"line":63}},"20":{"end":{"column":37,"line":64},"start":{"column":12,"line":64}},"21":{"end":{"column":33,"line":65},"start":{"column":12,"line":65}},"22":{"end":{"column":9,"line":74},"start":{"column":8,"line":72}},"23":{"end":{"column":26,"line":73},"start":{"column":12,"line":73}},"24":{"end":{"column":9,"line":103},"start":{"column":8,"line":79}},"25":{"end":{"column":35,"line":80},"start":{"column":12,"line":80}},"26":{"end":{"column":13,"line":102},"start":{"column":12,"line":82}},"27":{"end":{"column":40,"line":83},"start":{"column":16,"line":83}},"28":{"end":{"column":18,"line":89},"start":{"column":16,"line":84}},"29":{"end":{"column":23,"line":97},"start":{"column":16,"line":90}},"30":{"end":{"column":46,"line":92},"start":{"column":24,"line":92}},"31":{"end":{"column":25,"line":96},"start":{"column":24,"line":93}},"32":{"end":{"column":100,"line":95},"start":{"column":28,"line":94}},"33":{"end":{"column":38,"line":100},"start":{"column":16,"line":100}},"34":{"end":{"column":47,"line":101},"start":{"column":16,"line":101}},"35":{"end":{"column":9,"line":120},"start":{"column":8,"line":108}},"36":{"end":{"column":35,"line":109},"start":{"column":12,"line":109}},"37":{"end":{"column":19,"line":119},"start":{"column":12,"line":110}},"38":{"end":{"column":37,"line":112},"start":{"column":20,"line":112}},"39":{"end":{"column":37,"line":114},"start":{"column":20,"line":114}},"40":{"end":{"column":42,"line":115},"start":{"column":20,"line":115}},"41":{"end":{"column":46,"line":118},"start":{"column":20,"line":116}}},"l":{"15":5,"18":5,"22":5,"31":5,"33":5,"34":5,"36":5,"37":5,"38":5,"39":5,"41":5,"42":5,"43":5,"50":5,"51":5,"52":5,"53":5,"62":5,"63":0,"64":0,"65":0,"72":5,"73":0,"79":5,"80":0,"82":0,"83":0,"84":0,"90":0,"92":0,"93":0,"94":0,"100":0,"101":0,"108":5,"109":1,"110":1,"112":1,"114":0,"115":0,"116":0}},"components/profile/profileController.js":{"b":{"1":[0,0]},"branchMap":{"1":{"line":56,"locations":[{"end":{"column":8,"line":56},"start":{"column":8,"line":56}},{"end":{"column":8,"line":56},"start":{"column":8,"line":56}}],"type":"if"}},"f":{"1":5,"2":0,"3":0,"4":0,"5":0,"6":0,"7":0,"8":0,"9":0,"10":0,"11":0,"12":0,"13":0,"14":0,"15":0,"16":0,"17":0,"18":0,"19":0,"20":0,"21":0},"fnMap":{"1":{"line":16,"loc":{"end":{"column":13,"line":16},"start":{"column":1,"line":16}},"name":"(anonymous_1)"},"2":{"line":28,"loc":{"end":{"column":47,"line":28},"start":{"column":4,"line":28}},"name":"PubKeys"},"3":{"line":46,"loc":{"end":{"column":48,"line":47},"start":{"column":4,"line":46}},"name":"ProfileController"},"4":{"line":64,"loc":{"end":{"column":33,"line":64},"start":{"column":8,"line":64}},"name":"updatePubKeys"},"5":{"line":65,"loc":{"end":{"column":48,"line":65},"start":{"column":37,"line":65}},"name":"(anonymous_5)"},"6":{"line":67,"loc":{"end":{"column":53,"line":67},"start":{"column":38,"line":67}},"name":"(anonymous_6)"},"7":{"line":87,"loc":{"end":{"column":41,"line":87},"start":{"column":8,"line":87}},"name":"openImportPubKeyModal"},"8":{"line":93,"loc":{"end":{"column":41,"line":93},"start":{"column":30,"line":93}},"name":"(anonymous_8)"},"9":{"line":103,"loc":{"end":{"column":45,"line":103},"start":{"column":8,"line":103}},"name":"openShowPubKeyModal"},"10":{"line":110,"loc":{"end":{"column":39,"line":110},"start":{"column":28,"line":110}},"name":"(anonymous_10)"},"11":{"line":114,"loc":{"end":{"column":41,"line":114},"start":{"column":30,"line":114}},"name":"(anonymous_11)"},"12":{"line":135,"loc":{"end":{"column":29,"line":136},"start":{"column":4,"line":135}},"name":"ImportPubKeyModalController"},"13":{"line":146,"loc":{"end":{"column":32,"line":146},"start":{"column":8,"line":146}},"name":"importPubKey"},"14":{"line":151,"loc":{"end":{"column":37,"line":151},"start":{"column":16,"line":151}},"name":"(anonymous_14)"},"15":{"line":155,"loc":{"end":{"column":35,"line":155},"start":{"column":16,"line":155}},"name":"(anonymous_15)"},"16":{"line":166,"loc":{"end":{"column":26,"line":166},"start":{"column":8,"line":166}},"name":"cancel"},"17":{"line":184,"loc":{"end":{"column":78,"line":184},"start":{"column":4,"line":184}},"name":"ShowPubKeyModalController"},"18":{"line":196,"loc":{"end":{"column":32,"line":196},"start":{"column":8,"line":196}},"name":"deletePubKey"},"19":{"line":199,"loc":{"end":{"column":27,"line":199},"start":{"column":16,"line":199}},"name":"(anonymous_19)"},"20":{"line":204,"loc":{"end":{"column":35,"line":204},"start":{"column":16,"line":204}},"name":"(anonymous_20)"},"21":{"line":215,"loc":{"end":{"column":26,"line":215},"start":{"column":8,"line":215}},"name":"cancel"}},"path":"components/profile/profileController.js","s":{"1":5,"2":5,"3":5,"4":5,"5":0,"6":5,"7":5,"8":5,"9":0,"10":0,"11":0,"12":0,"13":0,"14":0,"15":5,"16":0,"17":0,"18":0,"19":0,"20":5,"21":0,"22":0,"23":5,"24":0,"25":0,"26":0,"27":0,"28":5,"29":5,"30":5,"31":0,"32":0,"33":0,"34":5,"35":0,"36":0,"37":0,"38":0,"39":0,"40":0,"41":5,"42":0,"43":5,"44":5,"45":5,"46":0,"47":0,"48":0,"49":0,"50":0,"51":5,"52":0,"53":0,"54":0,"55":0,"56":0,"57":5,"58":0},"statementMap":{"1":{"end":{"column":5,"line":219},"start":{"column":0,"line":16}},"2":{"end":{"column":37,"line":21},"start":{"column":4,"line":19}},"3":{"end":{"column":53,"line":23},"start":{"column":4,"line":23}},"4":{"end":{"column":5,"line":30},"start":{"column":4,"line":28}},"5":{"end":{"column":74,"line":29},"start":{"column":8,"line":29}},"6":{"end":{"column":60,"line":34},"start":{"column":4,"line":32}},"7":{"end":{"column":6,"line":39},"start":{"column":4,"line":36}},"8":{"end":{"column":5,"line":120},"start":{"column":4,"line":46}},"9":{"end":{"column":24,"line":49},"start":{"column":8,"line":49}},"10":{"end":{"column":43,"line":51},"start":{"column":8,"line":51}},"11":{"end":{"column":59,"line":52},"start":{"column":8,"line":52}},"12":{"end":{"column":55,"line":53},"start":{"column":8,"line":53}},"13":{"end":{"column":9,"line":58},"start":{"column":8,"line":56}},"14":{"end":{"column":30,"line":57},"start":{"column":12,"line":57}},"15":{"end":{"column":9,"line":81},"start":{"column":8,"line":64}},"16":{"end":{"column":15,"line":80},"start":{"column":12,"line":65}},"17":{"end":{"column":34,"line":66},"start":{"column":16,"line":66}},"18":{"end":{"column":19,"line":79},"start":{"column":16,"line":67}},"19":{"end":{"column":23,"line":78},"start":{"column":20,"line":68}},"20":{"end":{"column":9,"line":96},"start":{"column":8,"line":87}},"21":{"end":{"column":15,"line":95},"start":{"column":12,"line":88}},"22":{"end":{"column":37,"line":94},"start":{"column":16,"line":94}},"23":{"end":{"column":9,"line":117},"start":{"column":8,"line":103}},"24":{"end":{"column":15,"line":116},"start":{"column":12,"line":104}},"25":{"end":{"column":38,"line":111},"start":{"column":24,"line":111}},"26":{"end":{"column":37,"line":115},"start":{"column":16,"line":115}},"27":{"end":{"column":78,"line":119},"start":{"column":8,"line":119}},"28":{"end":{"column":80,"line":124},"start":{"column":4,"line":122}},"29":{"end":{"column":6,"line":128},"start":{"column":4,"line":126}},"30":{"end":{"column":5,"line":169},"start":{"column":4,"line":135}},"31":{"end":{"column":24,"line":138},"start":{"column":8,"line":138}},"32":{"end":{"column":41,"line":140},"start":{"column":8,"line":140}},"33":{"end":{"column":29,"line":141},"start":{"column":8,"line":141}},"34":{"end":{"column":9,"line":161},"start":{"column":8,"line":146}},"35":{"end":{"column":14,"line":149},"start":{"column":12,"line":147}},"36":{"end":{"column":14,"line":160},"start":{"column":12,"line":150}},"37":{"end":{"column":79,"line":152},"start":{"column":20,"line":152}},"38":{"end":{"column":56,"line":153},"start":{"column":20,"line":153}},"39":{"end":{"column":66,"line":157},"start":{"column":20,"line":156}},"40":{"end":{"column":34,"line":158},"start":{"column":20,"line":158}},"41":{"end":{"column":9,"line":168},"start":{"column":8,"line":166}},"42":{"end":{"column":48,"line":167},"start":{"column":12,"line":167}},"43":{"end":{"column":76,"line":173},"start":{"column":4,"line":171}},"44":{"end":{"column":6,"line":177},"start":{"column":4,"line":175}},"45":{"end":{"column":5,"line":218},"start":{"column":4,"line":184}},"46":{"end":{"column":24,"line":185},"start":{"column":8,"line":185}},"47":{"end":{"column":41,"line":187},"start":{"column":8,"line":187}},"48":{"end":{"column":29,"line":188},"start":{"column":8,"line":188}},"49":{"end":{"column":38,"line":190},"start":{"column":8,"line":190}},"50":{"end":{"column":80,"line":191},"start":{"column":8,"line":191}},"51":{"end":{"column":9,"line":210},"start":{"column":8,"line":196}},"52":{"end":{"column":14,"line":209},"start":{"column":12,"line":197}},"53":{"end":{"column":63,"line":201},"start":{"column":20,"line":200}},"54":{"end":{"column":60,"line":202},"start":{"column":20,"line":202}},"55":{"end":{"column":66,"line":206},"start":{"column":20,"line":205}},"56":{"end":{"column":34,"line":207},"start":{"column":20,"line":207}},"57":{"end":{"column":9,"line":217},"start":{"column":8,"line":215}},"58":{"end":{"column":48,"line":216},"start":{"column":12,"line":216}}},"l":{"16":5,"19":5,"23":5,"28":5,"29":0,"32":5,"36":5,"46":5,"49":0,"51":0,"52":0,"53":0,"56":0,"57":0,"64":5,"65":0,"66":0,"67":0,"68":0,"87":5,"88":0,"94":0,"103":5,"104":0,"111":0,"115":0,"119":0,"122":5,"126":5,"135":5,"138":0,"140":0,"141":0,"146":5,"147":0,"150":0,"152":0,"153":0,"156":0,"158":0,"166":5,"167":0,"171":5,"175":5,"184":5,"185":0,"187":0,"188":0,"190":0,"191":0,"196":5,"197":0,"200":0,"202":0,"205":0,"207":0,"215":5,"216":0}},"components/results-report/resultsReportController.js":{"b":{"1":[0,0],"2":[0,0],"3":[0,0,0],"4":[0,0],"5":[0,0],"6":[0,0],"7":[0,0],"8":[0,0],"9":[0,0],"10":[0,0],"11":[0,0],"12":[0,0],"13":[0,0],"14":[0,0],"15":[0,0],"16":[0,0],"17":[0,0],"18":[0,0],"19":[0,0,0,0,0,0],"20":[0,0],"21":[0,0,0,0],"22":[0,0],"23":[0,0],"24":[0,0],"25":[0,0],"26":[0,0,0,0,0,0,0],"27":[0,0,0,0,0,0,0,0],"28":[0,0],"29":[0,0],"30":[0,0],"31":[0,0],"32":[0,0],"33":[0,0],"34":[0,0],"35":[0,0],"36":[0,0],"37":[0,0],"38":[0,0],"39":[0,0],"40":[0,0],"41":[0,0],"42":[0,0],"43":[0,0],"44":[0,0],"45":[0,0],"46":[0,0],"47":[0,0],"48":[0,0],"49":[0,0]},"branchMap":{"1":{"line":94,"locations":[{"end":{"column":20,"line":94},"start":{"column":20,"line":94}},{"end":{"column":20,"line":94},"start":{"column":20,"line":94}}],"type":"if"},"2":{"line":120,"locations":[{"end":{"column":20,"line":120},"start":{"column":20,"line":120}},{"end":{"column":20,"line":120},"start":{"column":20,"line":120}}],"type":"if"},"3":{"line":138,"locations":[{"end":{"column":43,"line":138},"start":{"column":27,"line":138}},{"end":{"column":55,"line":139},"start":{"column":17,"line":139}},{"end":{"column":60,"line":140},"start":{"column":17,"line":140}}],"type":"binary-expr"},"4":{"line":148,"locations":[{"end":{"column":43,"line":148},"start":{"column":27,"line":148}},{"end":{"column":49,"line":149},"start":{"column":16,"line":149}}],"type":"binary-expr"},"5":{"line":161,"locations":[{"end":{"column":12,"line":161},"start":{"column":12,"line":161}},{"end":{"column":12,"line":161},"start":{"column":12,"line":161}}],"type":"if"},"6":{"line":253,"locations":[{"end":{"column":12,"line":253},"start":{"column":12,"line":253}},{"end":{"column":12,"line":253},"start":{"column":12,"line":253}}],"type":"if"},"7":{"line":274,"locations":[{"end":{"column":32,"line":274},"start":{"column":32,"line":274}},{"end":{"column":32,"line":274},"start":{"column":32,"line":274}}],"type":"if"},"8":{"line":278,"locations":[{"end":{"column":36,"line":278},"start":{"column":36,"line":278}},{"end":{"column":36,"line":278},"start":{"column":36,"line":278}}],"type":"if"},"9":{"line":321,"locations":[{"end":{"column":20,"line":321},"start":{"column":20,"line":321}},{"end":{"column":20,"line":321},"start":{"column":20,"line":321}}],"type":"if"},"10":{"line":323,"locations":[{"end":{"column":24,"line":323},"start":{"column":24,"line":323}},{"end":{"column":24,"line":323},"start":{"column":24,"line":323}}],"type":"if"},"11":{"line":329,"locations":[{"end":{"column":24,"line":329},"start":{"column":24,"line":329}},{"end":{"column":24,"line":329},"start":{"column":24,"line":329}}],"type":"if"},"12":{"line":354,"locations":[{"end":{"column":12,"line":354},"start":{"column":12,"line":354}},{"end":{"column":12,"line":354},"start":{"column":12,"line":354}}],"type":"if"},"13":{"line":364,"locations":[{"end":{"column":20,"line":364},"start":{"column":20,"line":364}},{"end":{"column":20,"line":364},"start":{"column":20,"line":364}}],"type":"if"},"14":{"line":367,"locations":[{"end":{"column":25,"line":367},"start":{"column":25,"line":367}},{"end":{"column":25,"line":367},"start":{"column":25,"line":367}}],"type":"if"},"15":{"line":371,"locations":[{"end":{"column":28,"line":371},"start":{"column":28,"line":371}},{"end":{"column":28,"line":371},"start":{"column":28,"line":371}}],"type":"if"},"16":{"line":380,"locations":[{"end":{"column":20,"line":380},"start":{"column":20,"line":380}},{"end":{"column":20,"line":380},"start":{"column":20,"line":380}}],"type":"if"},"17":{"line":382,"locations":[{"end":{"column":24,"line":382},"start":{"column":24,"line":382}},{"end":{"column":24,"line":382},"start":{"column":24,"line":382}}],"type":"if"},"18":{"line":388,"locations":[{"end":{"column":24,"line":388},"start":{"column":24,"line":388}},{"end":{"column":24,"line":388},"start":{"column":24,"line":388}}],"type":"if"},"19":{"line":417,"locations":[{"end":{"column":26,"line":420},"start":{"column":16,"line":418}},{"end":{"column":27,"line":421},"start":{"column":16,"line":421}},{"end":{"column":27,"line":422},"start":{"column":16,"line":422}},{"end":{"column":27,"line":423},"start":{"column":16,"line":423}},{"end":{"column":26,"line":426},"start":{"column":16,"line":424}},{"end":{"column":27,"line":433},"start":{"column":16,"line":427}}],"type":"switch"},"20":{"line":475,"locations":[{"end":{"column":12,"line":475},"start":{"column":12,"line":475}},{"end":{"column":12,"line":475},"start":{"column":12,"line":475}}],"type":"if"},"21":{"line":478,"locations":[{"end":{"column":50,"line":478},"start":{"column":22,"line":478}},{"end":{"column":50,"line":479},"start":{"column":17,"line":479}},{"end":{"column":49,"line":480},"start":{"column":22,"line":480}},{"end":{"column":43,"line":481},"start":{"column":17,"line":481}}],"type":"binary-expr"},"22":{"line":492,"locations":[{"end":{"column":12,"line":492},"start":{"column":12,"line":492}},{"end":{"column":12,"line":492},"start":{"column":12,"line":492}}],"type":"if"},"23":{"line":492,"locations":[{"end":{"column":45,"line":492},"start":{"column":17,"line":492}},{"end":{"column":49,"line":493},"start":{"column":17,"line":493}}],"type":"binary-expr"},"24":{"line":499,"locations":[{"end":{"column":17,"line":499},"start":{"column":17,"line":499}},{"end":{"column":17,"line":499},"start":{"column":17,"line":499}}],"type":"if"},"25":{"line":499,"locations":[{"end":{"column":49,"line":499},"start":{"column":22,"line":499}},{"end":{"column":49,"line":500},"start":{"column":17,"line":500}}],"type":"binary-expr"},"26":{"line":517,"locations":[{"end":{"column":48,"line":517},"start":{"column":21,"line":517}},{"end":{"column":44,"line":518},"start":{"column":16,"line":518}},{"end":{"column":49,"line":519},"start":{"column":16,"line":519}},{"end":{"column":48,"line":520},"start":{"column":16,"line":520}},{"end":{"column":52,"line":521},"start":{"column":16,"line":521}},{"end":{"column":45,"line":522},"start":{"column":16,"line":522}},{"end":{"column":55,"line":524},"start":{"column":17,"line":523}}],"type":"binary-expr"},"27":{"line":535,"locations":[{"end":{"column":48,"line":535},"start":{"column":21,"line":535}},{"end":{"column":45,"line":536},"start":{"column":17,"line":536}},{"end":{"column":58,"line":537},"start":{"column":17,"line":537}},{"end":{"column":49,"line":538},"start":{"column":17,"line":538}},{"end":{"column":61,"line":539},"start":{"column":17,"line":539}},{"end":{"column":46,"line":540},"start":{"column":17,"line":540}},{"end":{"column":61,"line":541},"start":{"column":18,"line":541}},{"end":{"column":64,"line":542},"start":{"column":18,"line":542}}],"type":"binary-expr"},"28":{"line":552,"locations":[{"end":{"column":12,"line":552},"start":{"column":12,"line":552}},{"end":{"column":12,"line":552},"start":{"column":12,"line":552}}],"type":"if"},"29":{"line":556,"locations":[{"end":{"column":17,"line":556},"start":{"column":17,"line":556}},{"end":{"column":17,"line":556},"start":{"column":17,"line":556}}],"type":"if"},"30":{"line":559,"locations":[{"end":{"column":17,"line":559},"start":{"column":17,"line":559}},{"end":{"column":17,"line":559},"start":{"column":17,"line":559}}],"type":"if"},"31":{"line":562,"locations":[{"end":{"column":17,"line":562},"start":{"column":17,"line":562}},{"end":{"column":17,"line":562},"start":{"column":17,"line":562}}],"type":"if"},"32":{"line":578,"locations":[{"end":{"column":12,"line":578},"start":{"column":12,"line":578}},{"end":{"column":12,"line":578},"start":{"column":12,"line":578}}],"type":"if"},"33":{"line":581,"locations":[{"end":{"column":17,"line":581},"start":{"column":17,"line":581}},{"end":{"column":17,"line":581},"start":{"column":17,"line":581}}],"type":"if"},"34":{"line":584,"locations":[{"end":{"column":17,"line":584},"start":{"column":17,"line":584}},{"end":{"column":17,"line":584},"start":{"column":17,"line":584}}],"type":"if"},"35":{"line":587,"locations":[{"end":{"column":17,"line":587},"start":{"column":17,"line":587}},{"end":{"column":17,"line":587},"start":{"column":17,"line":587}}],"type":"if"},"36":{"line":591,"locations":[{"end":{"column":17,"line":591},"start":{"column":17,"line":591}},{"end":{"column":17,"line":591},"start":{"column":17,"line":591}}],"type":"if"},"37":{"line":716,"locations":[{"end":{"column":12,"line":716},"start":{"column":12,"line":716}},{"end":{"column":12,"line":716},"start":{"column":12,"line":716}}],"type":"if"},"38":{"line":739,"locations":[{"end":{"column":24,"line":739},"start":{"column":24,"line":739}},{"end":{"column":24,"line":739},"start":{"column":24,"line":739}}],"type":"if"},"39":{"line":743,"locations":[{"end":{"column":20,"line":743},"start":{"column":20,"line":743}},{"end":{"column":20,"line":743},"start":{"column":20,"line":743}}],"type":"if"},"40":{"line":763,"locations":[{"end":{"column":48,"line":764},"start":{"column":25,"line":764}},{"end":{"column":55,"line":764},"start":{"column":51,"line":764}}],"type":"cond-expr"},"41":{"line":782,"locations":[{"end":{"column":12,"line":782},"start":{"column":12,"line":782}},{"end":{"column":12,"line":782},"start":{"column":12,"line":782}}],"type":"if"},"42":{"line":793,"locations":[{"end":{"column":20,"line":793},"start":{"column":20,"line":793}},{"end":{"column":20,"line":793},"start":{"column":20,"line":793}}],"type":"if"},"43":{"line":793,"locations":[{"end":{"column":44,"line":793},"start":{"column":24,"line":793}},{"end":{"column":47,"line":795},"start":{"column":24,"line":794}}],"type":"binary-expr"},"44":{"line":800,"locations":[{"end":{"column":28,"line":800},"start":{"column":28,"line":800}},{"end":{"column":28,"line":800},"start":{"column":28,"line":800}}],"type":"if"},"45":{"line":822,"locations":[{"end":{"column":48,"line":823},"start":{"column":20,"line":823}},{"end":{"column":53,"line":823},"start":{"column":51,"line":823}}],"type":"cond-expr"},"46":{"line":824,"locations":[{"end":{"column":16,"line":824},"start":{"column":16,"line":824}},{"end":{"column":16,"line":824},"start":{"column":16,"line":824}}],"type":"if"},"47":{"line":824,"locations":[{"end":{"column":33,"line":824},"start":{"column":20,"line":824}},{"end":{"column":64,"line":824},"start":{"column":37,"line":824}}],"type":"binary-expr"},"48":{"line":826,"locations":[{"end":{"column":20,"line":826},"start":{"column":20,"line":826}},{"end":{"column":20,"line":826},"start":{"column":20,"line":826}}],"type":"if"},"49":{"line":856,"locations":[{"end":{"column":12,"line":856},"start":{"column":12,"line":856}},{"end":{"column":12,"line":856},"start":{"column":12,"line":856}}],"type":"if"}},"f":{"1":5,"2":0,"3":0,"4":0,"5":0,"6":0,"7":0,"8":0,"9":0,"10":0,"11":0,"12":0,"13":0,"14":0,"15":0,"16":0,"17":0,"18":0,"19":0,"20":0,"21":0,"22":0,"23":0,"24":0,"25":0,"26":0,"27":0,"28":0,"29":0,"30":0,"31":0,"32":0,"33":0,"34":0,"35":0,"36":0,"37":0,"38":0,"39":0,"40":0,"41":0,"42":0,"43":0,"44":0,"45":0,"46":0,"47":0,"48":0,"49":0,"50":0,"51":0,"52":0,"53":0,"54":0,"55":0,"56":0,"57":0,"58":0,"59":0,"60":0,"61":0,"62":0,"63":0,"64":0,"65":0,"66":0,"67":0,"68":0,"69":0,"70":0},"fnMap":{"1":{"line":15,"loc":{"end":{"column":13,"line":15},"start":{"column":1,"line":15}},"name":"(anonymous_1)"},"2":{"line":32,"loc":{"end":{"column":46,"line":33},"start":{"column":4,"line":32}},"name":"ResultsReportController"},"3":{"line":89,"loc":{"end":{"column":34,"line":89},"start":{"column":8,"line":89}},"name":"getVersionList"},"4":{"line":92,"loc":{"end":{"column":63,"line":92},"start":{"column":47,"line":92}},"name":"(anonymous_4)"},"5":{"line":100,"loc":{"end":{"column":42,"line":100},"start":{"column":25,"line":100}},"name":"(anonymous_5)"},"6":{"line":113,"loc":{"end":{"column":30,"line":113},"start":{"column":8,"line":113}},"name":"getResults"},"7":{"line":116,"loc":{"end":{"column":63,"line":116},"start":{"column":47,"line":116}},"name":"(anonymous_7)"},"8":{"line":124,"loc":{"end":{"column":42,"line":124},"start":{"column":25,"line":124}},"name":"(anonymous_8)"},"9":{"line":137,"loc":{"end":{"column":33,"line":137},"start":{"column":8,"line":137}},"name":"isResultAdmin"},"10":{"line":147,"loc":{"end":{"column":28,"line":147},"start":{"column":8,"line":147}},"name":"isShared"},"11":{"line":157,"loc":{"end":{"column":42,"line":157},"start":{"column":8,"line":157}},"name":"shareTestRun"},"12":{"line":163,"loc":{"end":{"column":72,"line":163},"start":{"column":60,"line":163}},"name":"(anonymous_12)"},"13":{"line":166,"loc":{"end":{"column":46,"line":166},"start":{"column":29,"line":166}},"name":"(anonymous_13)"},"14":{"line":171,"loc":{"end":{"column":66,"line":171},"start":{"column":54,"line":171}},"name":"(anonymous_14)"},"15":{"line":174,"loc":{"end":{"column":46,"line":174},"start":{"column":29,"line":174}},"name":"(anonymous_15)"},"16":{"line":184,"loc":{"end":{"column":33,"line":184},"start":{"column":8,"line":184}},"name":"deleteTestRun"},"17":{"line":189,"loc":{"end":{"column":62,"line":189},"start":{"column":50,"line":189}},"name":"(anonymous_17)"},"18":{"line":191,"loc":{"end":{"column":42,"line":191},"start":{"column":25,"line":191}},"name":"(anonymous_18)"},"19":{"line":200,"loc":{"end":{"column":44,"line":200},"start":{"column":8,"line":200}},"name":"updateVerificationStatus"},"20":{"line":207,"loc":{"end":{"column":32,"line":207},"start":{"column":20,"line":207}},"name":"(anonymous_20)"},"21":{"line":211,"loc":{"end":{"column":46,"line":211},"start":{"column":29,"line":211}},"name":"(anonymous_21)"},"22":{"line":223,"loc":{"end":{"column":36,"line":223},"start":{"column":8,"line":223}},"name":"updateGuidelines"},"23":{"line":229,"loc":{"end":{"column":63,"line":229},"start":{"column":47,"line":229}},"name":"(anonymous_23)"},"24":{"line":233,"loc":{"end":{"column":42,"line":233},"start":{"column":25,"line":233}},"name":"(anonymous_24)"},"25":{"line":246,"loc":{"end":{"column":41,"line":246},"start":{"column":8,"line":246}},"name":"getTargetCapabilities"},"26":{"line":267,"loc":{"end":{"column":74,"line":267},"start":{"column":53,"line":267}},"name":"(anonymous_26)"},"27":{"line":270,"loc":{"end":{"column":48,"line":270},"start":{"column":24,"line":270}},"name":"(anonymous_27)"},"28":{"line":272,"loc":{"end":{"column":64,"line":272},"start":{"column":50,"line":272}},"name":"(anonymous_28)"},"29":{"line":292,"loc":{"end":{"column":44,"line":292},"start":{"column":20,"line":292}},"name":"(anonymous_29)"},"30":{"line":293,"loc":{"end":{"column":60,"line":293},"start":{"column":46,"line":293}},"name":"(anonymous_30)"},"31":{"line":307,"loc":{"end":{"column":44,"line":307},"start":{"column":8,"line":307}},"name":"buildCapabilityV1_2"},"32":{"line":318,"loc":{"end":{"column":34,"line":318},"start":{"column":16,"line":318}},"name":"(anonymous_32)"},"33":{"line":343,"loc":{"end":{"column":44,"line":343},"start":{"column":8,"line":343}},"name":"buildCapabilityV1_3"},"34":{"line":360,"loc":{"end":{"column":43,"line":360},"start":{"column":16,"line":360}},"name":"(anonymous_34)"},"35":{"line":401,"loc":{"end":{"column":43,"line":401},"start":{"column":8,"line":401}},"name":"buildCapabilitiesObject"},"36":{"line":439,"loc":{"end":{"column":64,"line":439},"start":{"column":40,"line":439}},"name":"(anonymous_36)"},"37":{"line":474,"loc":{"end":{"column":45,"line":474},"start":{"column":8,"line":474}},"name":"isTestFlagged"},"38":{"line":491,"loc":{"end":{"column":48,"line":491},"start":{"column":8,"line":491}},"name":"getFlaggedReason"},"39":{"line":516,"loc":{"end":{"column":47,"line":516},"start":{"column":8,"line":516}},"name":"isCapabilityShown"},"40":{"line":534,"loc":{"end":{"column":47,"line":534},"start":{"column":8,"line":534}},"name":"isTestShown"},"41":{"line":551,"loc":{"end":{"column":52,"line":551},"start":{"column":8,"line":551}},"name":"getCapabilityTestCount"},"42":{"line":577,"loc":{"end":{"column":44,"line":577},"start":{"column":8,"line":577}},"name":"getStatusTestCount"},"43":{"line":604,"loc":{"end":{"column":41,"line":604},"start":{"column":8,"line":604}},"name":"openFullTestListModal"},"44":{"line":614,"loc":{"end":{"column":39,"line":614},"start":{"column":27,"line":614}},"name":"(anonymous_44)"},"45":{"line":625,"loc":{"end":{"column":37,"line":625},"start":{"column":8,"line":625}},"name":"openEditTestModal"},"46":{"line":635,"loc":{"end":{"column":45,"line":635},"start":{"column":33,"line":635}},"name":"(anonymous_46)"},"47":{"line":656,"loc":{"end":{"column":67,"line":656},"start":{"column":4,"line":656}},"name":"FullTestListModalController"},"48":{"line":664,"loc":{"end":{"column":33,"line":664},"start":{"column":21,"line":664}},"name":"(anonymous_48)"},"49":{"line":672,"loc":{"end":{"column":45,"line":672},"start":{"column":33,"line":672}},"name":"(anonymous_49)"},"50":{"line":691,"loc":{"end":{"column":48,"line":692},"start":{"column":4,"line":691}},"name":"EditTestModalController"},"51":{"line":715,"loc":{"end":{"column":34,"line":715},"start":{"column":8,"line":715}},"name":"getVersionList"},"52":{"line":721,"loc":{"end":{"column":63,"line":721},"start":{"column":47,"line":721}},"name":"(anonymous_52)"},"53":{"line":723,"loc":{"end":{"column":42,"line":723},"start":{"column":25,"line":723}},"name":"(anonymous_53)"},"54":{"line":733,"loc":{"end":{"column":35,"line":733},"start":{"column":8,"line":733}},"name":"getUserProducts"},"55":{"line":736,"loc":{"end":{"column":62,"line":736},"start":{"column":46,"line":736}},"name":"(anonymous_55)"},"56":{"line":738,"loc":{"end":{"column":66,"line":738},"start":{"column":51,"line":738}},"name":"(anonymous_56)"},"57":{"line":749,"loc":{"end":{"column":42,"line":749},"start":{"column":25,"line":749}},"name":"(anonymous_57)"},"58":{"line":762,"loc":{"end":{"column":43,"line":762},"start":{"column":8,"line":762}},"name":"associateProductVersion"},"59":{"line":769,"loc":{"end":{"column":40,"line":769},"start":{"column":23,"line":769}},"name":"(anonymous_59)"},"60":{"line":781,"loc":{"end":{"column":38,"line":781},"start":{"column":8,"line":781}},"name":"getProductVersions"},"61":{"line":791,"loc":{"end":{"column":41,"line":791},"start":{"column":25,"line":791}},"name":"(anonymous_61)"},"62":{"line":799,"loc":{"end":{"column":60,"line":799},"start":{"column":46,"line":799}},"name":"(anonymous_62)"},"63":{"line":805,"loc":{"end":{"column":42,"line":805},"start":{"column":25,"line":805}},"name":"(anonymous_63)"},"64":{"line":813,"loc":{"end":{"column":31,"line":813},"start":{"column":8,"line":813}},"name":"saveChanges"},"65":{"line":821,"loc":{"end":{"column":56,"line":821},"start":{"column":40,"line":821}},"name":"(anonymous_65)"},"66":{"line":828,"loc":{"end":{"column":52,"line":828},"start":{"column":37,"line":828}},"name":"(anonymous_66)"},"67":{"line":831,"loc":{"end":{"column":52,"line":831},"start":{"column":35,"line":831}},"name":"(anonymous_67)"},"68":{"line":841,"loc":{"end":{"column":53,"line":841},"start":{"column":37,"line":841}},"name":"(anonymous_68)"},"69":{"line":845,"loc":{"end":{"column":52,"line":845},"start":{"column":35,"line":845}},"name":"(anonymous_69)"},"70":{"line":865,"loc":{"end":{"column":33,"line":865},"start":{"column":21,"line":865}},"name":"(anonymous_70)"}},"path":"components/results-report/resultsReportController.js","s":{"1":5,"2":5,"3":5,"4":5,"5":0,"6":0,"7":0,"8":0,"9":0,"10":0,"11":0,"12":0,"13":0,"14":0,"15":0,"16":0,"17":0,"18":0,"19":0,"20":0,"21":0,"22":0,"23":0,"24":0,"25":0,"26":0,"27":0,"28":0,"29":0,"30":0,"31":0,"32":5,"33":0,"34":0,"35":0,"36":0,"37":0,"38":0,"39":0,"40":0,"41":5,"42":0,"43":0,"44":0,"45":0,"46":0,"47":0,"48":0,"49":0,"50":0,"51":0,"52":0,"53":5,"54":0,"55":5,"56":0,"57":5,"58":0,"59":0,"60":0,"61":0,"62":0,"63":0,"64":0,"65":0,"66":0,"67":0,"68":5,"69":0,"70":0,"71":0,"72":0,"73":5,"74":0,"75":0,"76":0,"77":0,"78":0,"79":0,"80":0,"81":5,"82":0,"83":0,"84":0,"85":0,"86":0,"87":0,"88":0,"89":0,"90":0,"91":0,"92":5,"93":0,"94":0,"95":0,"96":0,"97":0,"98":0,"99":0,"100":0,"101":0,"102":0,"103":0,"104":0,"105":0,"106":0,"107":0,"108":0,"109":5,"110":0,"111":0,"112":0,"113":0,"114":0,"115":0,"116":0,"117":0,"118":0,"119":0,"120":0,"121":5,"122":0,"123":0,"124":0,"125":0,"126":0,"127":0,"128":0,"129":0,"130":0,"131":0,"132":0,"133":0,"134":0,"135":0,"136":0,"137":0,"138":0,"139":0,"140":0,"141":0,"142":0,"143":0,"144":5,"145":0,"146":0,"147":0,"148":0,"149":0,"150":0,"151":0,"152":0,"153":0,"154":0,"155":0,"156":0,"157":0,"158":0,"159":0,"160":0,"161":0,"162":0,"163":0,"164":0,"165":0,"166":0,"167":0,"168":0,"169":5,"170":0,"171":0,"172":0,"173":5,"174":0,"175":0,"176":0,"177":0,"178":0,"179":5,"180":0,"181":5,"182":0,"183":5,"184":0,"185":0,"186":0,"187":0,"188":0,"189":0,"190":0,"191":0,"192":0,"193":5,"194":0,"195":0,"196":0,"197":0,"198":0,"199":0,"200":0,"201":0,"202":0,"203":0,"204":0,"205":5,"206":0,"207":0,"208":5,"209":0,"210":0,"211":0,"212":5,"213":5,"214":5,"215":0,"216":0,"217":0,"218":0,"219":0,"220":0,"221":5,"222":5,"223":5,"224":0,"225":0,"226":0,"227":0,"228":0,"229":0,"230":0,"231":0,"232":0,"233":0,"234":0,"235":5,"236":0,"237":0,"238":0,"239":0,"240":0,"241":0,"242":5,"243":0,"244":0,"245":0,"246":0,"247":0,"248":0,"249":0,"250":0,"251":0,"252":0,"253":0,"254":0,"255":5,"256":0,"257":0,"258":0,"259":0,"260":0,"261":0,"262":0,"263":5,"264":0,"265":0,"266":0,"267":0,"268":0,"269":0,"270":0,"271":0,"272":0,"273":0,"274":0,"275":0,"276":0,"277":5,"278":0,"279":0,"280":0,"281":0,"282":0,"283":0,"284":0,"285":0,"286":0,"287":0,"288":0,"289":0,"290":0,"291":0,"292":0,"293":0,"294":0,"295":0,"296":0,"297":0,"298":0,"299":0,"300":0,"301":0,"302":0,"303":0,"304":0},"statementMap":{"1":{"end":{"column":5,"line":869},"start":{"column":0,"line":15}},"2":{"end":{"column":72,"line":20},"start":{"column":4,"line":18}},"3":{"end":{"column":6,"line":25},"start":{"column":4,"line":22}},"4":{"end":{"column":5,"line":643},"start":{"column":4,"line":32}},"5":{"end":{"column":24,"line":35},"start":{"column":8,"line":35}},"6":{"end":{"column":45,"line":37},"start":{"column":8,"line":37}},"7":{"end":{"column":37,"line":38},"start":{"column":8,"line":38}},"8":{"end":{"column":43,"line":39},"start":{"column":8,"line":39}},"9":{"end":{"column":33,"line":40},"start":{"column":8,"line":40}},"10":{"end":{"column":41,"line":41},"start":{"column":8,"line":41}},"11":{"end":{"column":43,"line":42},"start":{"column":8,"line":42}},"12":{"end":{"column":65,"line":43},"start":{"column":8,"line":43}},"13":{"end":{"column":49,"line":44},"start":{"column":8,"line":44}},"14":{"end":{"column":59,"line":45},"start":{"column":8,"line":45}},"15":{"end":{"column":55,"line":46},"start":{"column":8,"line":46}},"16":{"end":{"column":55,"line":47},"start":{"column":8,"line":47}},"17":{"end":{"column":63,"line":48},"start":{"column":8,"line":48}},"18":{"end":{"column":43,"line":49},"start":{"column":8,"line":49}},"19":{"end":{"column":49,"line":50},"start":{"column":8,"line":50}},"20":{"end":{"column":51,"line":51},"start":{"column":8,"line":51}},"21":{"end":{"column":39,"line":52},"start":{"column":8,"line":52}},"22":{"end":{"column":61,"line":53},"start":{"column":8,"line":53}},"23":{"end":{"column":53,"line":54},"start":{"column":8,"line":54}},"24":{"end":{"column":59,"line":55},"start":{"column":8,"line":55}},"25":{"end":{"column":51,"line":56},"start":{"column":8,"line":56}},"26":{"end":{"column":42,"line":59},"start":{"column":8,"line":59}},"27":{"end":{"column":33,"line":62},"start":{"column":8,"line":62}},"28":{"end":{"column":10,"line":69},"start":{"column":8,"line":65}},"29":{"end":{"column":34,"line":72},"start":{"column":8,"line":72}},"30":{"end":{"column":34,"line":75},"start":{"column":8,"line":75}},"31":{"end":{"column":52,"line":79},"start":{"column":8,"line":78}},"32":{"end":{"column":9,"line":105},"start":{"column":8,"line":89}},"33":{"end":{"column":60,"line":90},"start":{"column":12,"line":90}},"34":{"end":{"column":19,"line":104},"start":{"column":12,"line":91}},"35":{"end":{"column":61,"line":93},"start":{"column":20,"line":93}},"36":{"end":{"column":21,"line":98},"start":{"column":20,"line":94}},"37":{"end":{"column":59,"line":97},"start":{"column":24,"line":97}},"38":{"end":{"column":44,"line":99},"start":{"column":20,"line":99}},"39":{"end":{"column":42,"line":101},"start":{"column":20,"line":101}},"40":{"end":{"column":46,"line":103},"start":{"column":20,"line":102}},"41":{"end":{"column":9,"line":130},"start":{"column":8,"line":113}},"42":{"end":{"column":72,"line":114},"start":{"column":12,"line":114}},"43":{"end":{"column":19,"line":129},"start":{"column":12,"line":115}},"44":{"end":{"column":44,"line":117},"start":{"column":20,"line":117}},"45":{"end":{"column":67,"line":118},"start":{"column":20,"line":118}},"46":{"end":{"column":75,"line":119},"start":{"column":20,"line":119}},"47":{"end":{"column":21,"line":122},"start":{"column":20,"line":120}},"48":{"end":{"column":67,"line":121},"start":{"column":24,"line":121}},"49":{"end":{"column":37,"line":123},"start":{"column":20,"line":123}},"50":{"end":{"column":42,"line":125},"start":{"column":20,"line":125}},"51":{"end":{"column":44,"line":126},"start":{"column":20,"line":126}},"52":{"end":{"column":46,"line":128},"start":{"column":20,"line":127}},"53":{"end":{"column":9,"line":141},"start":{"column":8,"line":137}},"54":{"end":{"column":63,"line":140},"start":{"column":12,"line":138}},"55":{"end":{"column":9,"line":150},"start":{"column":8,"line":147}},"56":{"end":{"column":51,"line":149},"start":{"column":12,"line":148}},"57":{"end":{"column":9,"line":178},"start":{"column":8,"line":157}},"58":{"end":{"column":23,"line":160},"start":{"column":12,"line":158}},"59":{"end":{"column":13,"line":177},"start":{"column":12,"line":161}},"60":{"end":{"column":23,"line":168},"start":{"column":16,"line":162}},"61":{"end":{"column":62,"line":164},"start":{"column":24,"line":164}},"62":{"end":{"column":70,"line":165},"start":{"column":24,"line":165}},"63":{"end":{"column":72,"line":167},"start":{"column":24,"line":167}},"64":{"end":{"column":23,"line":176},"start":{"column":16,"line":170}},"65":{"end":{"column":60,"line":172},"start":{"column":24,"line":172}},"66":{"end":{"column":72,"line":173},"start":{"column":24,"line":173}},"67":{"end":{"column":72,"line":175},"start":{"column":24,"line":175}},"68":{"end":{"column":9,"line":194},"start":{"column":8,"line":184}},"69":{"end":{"column":23,"line":187},"start":{"column":12,"line":185}},"70":{"end":{"column":19,"line":193},"start":{"column":12,"line":188}},"71":{"end":{"column":43,"line":190},"start":{"column":20,"line":190}},"72":{"end":{"column":68,"line":192},"start":{"column":20,"line":192}},"73":{"end":{"column":9,"line":215},"start":{"column":8,"line":200}},"74":{"end":{"column":23,"line":203},"start":{"column":12,"line":201}},"75":{"end":{"column":64,"line":204},"start":{"column":12,"line":204}},"76":{"end":{"column":23,"line":214},"start":{"column":12,"line":205}},"77":{"end":{"column":79,"line":208},"start":{"column":24,"line":208}},"78":{"end":{"column":67,"line":210},"start":{"column":24,"line":209}},"79":{"end":{"column":79,"line":212},"start":{"column":24,"line":212}},"80":{"end":{"column":72,"line":213},"start":{"column":24,"line":213}},"81":{"end":{"column":9,"line":239},"start":{"column":8,"line":223}},"82":{"end":{"column":38,"line":224},"start":{"column":12,"line":224}},"83":{"end":{"column":35,"line":225},"start":{"column":12,"line":225}},"84":{"end":{"column":29,"line":227},"start":{"column":12,"line":226}},"85":{"end":{"column":19,"line":238},"start":{"column":12,"line":228}},"86":{"end":{"column":46,"line":230},"start":{"column":20,"line":230}},"87":{"end":{"column":53,"line":231},"start":{"column":20,"line":231}},"88":{"end":{"column":51,"line":232},"start":{"column":20,"line":232}},"89":{"end":{"column":42,"line":234},"start":{"column":20,"line":234}},"90":{"end":{"column":46,"line":235},"start":{"column":20,"line":235}},"91":{"end":{"column":46,"line":237},"start":{"column":20,"line":236}},"92":{"end":{"column":9,"line":299},"start":{"column":8,"line":246}},"93":{"end":{"column":59,"line":247},"start":{"column":12,"line":247}},"94":{"end":{"column":32,"line":248},"start":{"column":12,"line":248}},"95":{"end":{"column":13,"line":297},"start":{"column":12,"line":253}},"96":{"end":{"column":57,"line":255},"start":{"column":16,"line":254}},"97":{"end":{"column":18,"line":264},"start":{"column":16,"line":259}},"98":{"end":{"column":19,"line":288},"start":{"column":16,"line":267}},"99":{"end":{"column":27,"line":287},"start":{"column":20,"line":269}},"100":{"end":{"column":31,"line":286},"start":{"column":28,"line":272}},"101":{"end":{"column":33,"line":285},"start":{"column":32,"line":274}},"102":{"end":{"column":37,"line":281},"start":{"column":36,"line":278}},"103":{"end":{"column":65,"line":280},"start":{"column":40,"line":280}},"104":{"end":{"column":61,"line":284},"start":{"column":36,"line":284}},"105":{"end":{"column":23,"line":296},"start":{"column":16,"line":291}},"106":{"end":{"column":27,"line":295},"start":{"column":24,"line":293}},"107":{"end":{"column":53,"line":294},"start":{"column":28,"line":294}},"108":{"end":{"column":30,"line":298},"start":{"column":12,"line":298}},"109":{"end":{"column":9,"line":335},"start":{"column":8,"line":307}},"110":{"end":{"column":14,"line":314},"start":{"column":12,"line":308}},"111":{"end":{"column":68,"line":315},"start":{"column":12,"line":315}},"112":{"end":{"column":19,"line":333},"start":{"column":12,"line":317}},"113":{"end":{"column":21,"line":332},"start":{"column":20,"line":321}},"114":{"end":{"column":53,"line":322},"start":{"column":24,"line":322}},"115":{"end":{"column":25,"line":325},"start":{"column":24,"line":323}},"116":{"end":{"column":59,"line":324},"start":{"column":28,"line":324}},"117":{"end":{"column":56,"line":328},"start":{"column":24,"line":328}},"118":{"end":{"column":25,"line":331},"start":{"column":24,"line":329}},"119":{"end":{"column":62,"line":330},"start":{"column":28,"line":330}},"120":{"end":{"column":23,"line":334},"start":{"column":12,"line":334}},"121":{"end":{"column":9,"line":394},"start":{"column":8,"line":343}},"122":{"end":{"column":14,"line":350},"start":{"column":12,"line":344}},"123":{"end":{"column":13,"line":356},"start":{"column":12,"line":354}},"124":{"end":{"column":27,"line":355},"start":{"column":16,"line":355}},"125":{"end":{"column":19,"line":392},"start":{"column":12,"line":359}},"126":{"end":{"column":39,"line":361},"start":{"column":20,"line":361}},"127":{"end":{"column":21,"line":376},"start":{"column":20,"line":364}},"128":{"end":{"column":38,"line":365},"start":{"column":24,"line":365}},"129":{"end":{"column":21,"line":376},"start":{"column":25,"line":367}},"130":{"end":{"column":57,"line":368},"start":{"column":24,"line":368}},"131":{"end":{"column":25,"line":375},"start":{"column":24,"line":369}},"132":{"end":{"column":59,"line":370},"start":{"column":28,"line":370}},"133":{"end":{"column":29,"line":374},"start":{"column":28,"line":371}},"134":{"end":{"column":46,"line":372},"start":{"column":32,"line":372}},"135":{"end":{"column":38,"line":373},"start":{"column":32,"line":373}},"136":{"end":{"column":21,"line":391},"start":{"column":20,"line":380}},"137":{"end":{"column":53,"line":381},"start":{"column":24,"line":381}},"138":{"end":{"column":25,"line":384},"start":{"column":24,"line":382}},"139":{"end":{"column":59,"line":383},"start":{"column":28,"line":383}},"140":{"end":{"column":56,"line":387},"start":{"column":24,"line":387}},"141":{"end":{"column":25,"line":390},"start":{"column":24,"line":388}},"142":{"end":{"column":62,"line":389},"start":{"column":28,"line":389}},"143":{"end":{"column":23,"line":393},"start":{"column":12,"line":393}},"144":{"end":{"column":9,"line":466},"start":{"column":8,"line":401}},"145":{"end":{"column":14,"line":415},"start":{"column":12,"line":406}},"146":{"end":{"column":13,"line":434},"start":{"column":12,"line":417}},"147":{"end":{"column":58,"line":419},"start":{"column":20,"line":419}},"148":{"end":{"column":26,"line":420},"start":{"column":20,"line":420}},"149":{"end":{"column":54,"line":425},"start":{"column":20,"line":425}},"150":{"end":{"column":26,"line":426},"start":{"column":20,"line":426}},"151":{"end":{"column":42,"line":428},"start":{"column":20,"line":428}},"152":{"end":{"column":46,"line":429},"start":{"column":20,"line":429}},"153":{"end":{"column":57,"line":432},"start":{"column":20,"line":430}},"154":{"end":{"column":27,"line":433},"start":{"column":20,"line":433}},"155":{"end":{"column":58,"line":438},"start":{"column":12,"line":438}},"156":{"end":{"column":15,"line":448},"start":{"column":12,"line":439}},"157":{"end":{"column":49,"line":440},"start":{"column":16,"line":440}},"158":{"end":{"column":71,"line":442},"start":{"column":16,"line":441}},"159":{"end":{"column":72,"line":443},"start":{"column":16,"line":443}},"160":{"end":{"column":76,"line":444},"start":{"column":16,"line":444}},"161":{"end":{"column":48,"line":446},"start":{"column":16,"line":445}},"162":{"end":{"column":49,"line":447},"start":{"column":16,"line":447}},"163":{"end":{"column":48,"line":451},"start":{"column":12,"line":450}},"164":{"end":{"column":47,"line":454},"start":{"column":12,"line":453}},"165":{"end":{"column":49,"line":457},"start":{"column":12,"line":455}},"166":{"end":{"column":44,"line":459},"start":{"column":12,"line":458}},"167":{"end":{"column":51,"line":462},"start":{"column":12,"line":460}},"168":{"end":{"column":46,"line":465},"start":{"column":12,"line":464}},"169":{"end":{"column":9,"line":482},"start":{"column":8,"line":474}},"170":{"end":{"column":13,"line":477},"start":{"column":12,"line":475}},"171":{"end":{"column":29,"line":476},"start":{"column":16,"line":476}},"172":{"end":{"column":47,"line":481},"start":{"column":12,"line":478}},"173":{"end":{"column":9,"line":507},"start":{"column":8,"line":491}},"174":{"end":{"column":13,"line":506},"start":{"column":12,"line":492}},"175":{"end":{"column":70,"line":497},"start":{"column":16,"line":497}},"176":{"end":{"column":13,"line":506},"start":{"column":17,"line":499}},"177":{"end":{"column":57,"line":502},"start":{"column":16,"line":502}},"178":{"end":{"column":26,"line":505},"start":{"column":16,"line":505}},"179":{"end":{"column":9,"line":525},"start":{"column":8,"line":516}},"180":{"end":{"column":59,"line":524},"start":{"column":12,"line":517}},"181":{"end":{"column":9,"line":543},"start":{"column":8,"line":534}},"182":{"end":{"column":68,"line":542},"start":{"column":12,"line":535}},"183":{"end":{"column":9,"line":569},"start":{"column":8,"line":551}},"184":{"end":{"column":13,"line":568},"start":{"column":12,"line":552}},"185":{"end":{"column":52,"line":554},"start":{"column":16,"line":553}},"186":{"end":{"column":13,"line":568},"start":{"column":17,"line":556}},"187":{"end":{"column":53,"line":557},"start":{"column":16,"line":557}},"188":{"end":{"column":13,"line":568},"start":{"column":17,"line":559}},"189":{"end":{"column":56,"line":560},"start":{"column":16,"line":560}},"190":{"end":{"column":13,"line":568},"start":{"column":17,"line":562}},"191":{"end":{"column":54,"line":564},"start":{"column":16,"line":563}},"192":{"end":{"column":25,"line":567},"start":{"column":16,"line":567}},"193":{"end":{"column":9,"line":598},"start":{"column":8,"line":577}},"194":{"end":{"column":13,"line":597},"start":{"column":12,"line":578}},"195":{"end":{"column":26,"line":579},"start":{"column":16,"line":579}},"196":{"end":{"column":13,"line":597},"start":{"column":17,"line":581}},"197":{"end":{"column":47,"line":582},"start":{"column":16,"line":582}},"198":{"end":{"column":13,"line":597},"start":{"column":17,"line":584}},"199":{"end":{"column":53,"line":585},"start":{"column":16,"line":585}},"200":{"end":{"column":13,"line":597},"start":{"column":17,"line":587}},"201":{"end":{"column":48,"line":589},"start":{"column":16,"line":588}},"202":{"end":{"column":13,"line":597},"start":{"column":17,"line":591}},"203":{"end":{"column":50,"line":593},"start":{"column":16,"line":592}},"204":{"end":{"column":26,"line":596},"start":{"column":16,"line":596}},"205":{"end":{"column":9,"line":619},"start":{"column":8,"line":604}},"206":{"end":{"column":15,"line":618},"start":{"column":12,"line":605}},"207":{"end":{"column":56,"line":615},"start":{"column":24,"line":615}},"208":{"end":{"column":9,"line":640},"start":{"column":8,"line":625}},"209":{"end":{"column":15,"line":639},"start":{"column":12,"line":626}},"210":{"end":{"column":48,"line":636},"start":{"column":24,"line":636}},"211":{"end":{"column":21,"line":642},"start":{"column":8,"line":642}},"212":{"end":{"column":80,"line":647},"start":{"column":4,"line":645}},"213":{"end":{"column":73,"line":649},"start":{"column":4,"line":649}},"214":{"end":{"column":5,"line":675},"start":{"column":4,"line":656}},"215":{"end":{"column":24,"line":657},"start":{"column":8,"line":657}},"216":{"end":{"column":27,"line":659},"start":{"column":8,"line":659}},"217":{"end":{"column":10,"line":666},"start":{"column":8,"line":664}},"218":{"end":{"column":46,"line":665},"start":{"column":12,"line":665}},"219":{"end":{"column":10,"line":674},"start":{"column":8,"line":672}},"220":{"end":{"column":48,"line":673},"start":{"column":12,"line":673}},"221":{"end":{"column":72,"line":679},"start":{"column":4,"line":677}},"222":{"end":{"column":6,"line":684},"start":{"column":4,"line":681}},"223":{"end":{"column":5,"line":868},"start":{"column":4,"line":691}},"224":{"end":{"column":24,"line":694},"start":{"column":8,"line":694}},"225":{"end":{"column":45,"line":696},"start":{"column":8,"line":696}},"226":{"end":{"column":47,"line":697},"start":{"column":8,"line":697}},"227":{"end":{"column":63,"line":698},"start":{"column":8,"line":698}},"228":{"end":{"column":53,"line":699},"start":{"column":8,"line":699}},"229":{"end":{"column":39,"line":700},"start":{"column":8,"line":700}},"230":{"end":{"column":39,"line":702},"start":{"column":8,"line":702}},"231":{"end":{"column":55,"line":703},"start":{"column":8,"line":703}},"232":{"end":{"column":73,"line":704},"start":{"column":8,"line":704}},"233":{"end":{"column":30,"line":706},"start":{"column":8,"line":706}},"234":{"end":{"column":31,"line":707},"start":{"column":8,"line":707}},"235":{"end":{"column":9,"line":727},"start":{"column":8,"line":715}},"236":{"end":{"column":13,"line":718},"start":{"column":12,"line":716}},"237":{"end":{"column":23,"line":717},"start":{"column":16,"line":717}},"238":{"end":{"column":60,"line":719},"start":{"column":12,"line":719}},"239":{"end":{"column":19,"line":726},"start":{"column":12,"line":720}},"240":{"end":{"column":61,"line":722},"start":{"column":20,"line":722}},"241":{"end":{"column":66,"line":725},"start":{"column":20,"line":724}},"242":{"end":{"column":9,"line":756},"start":{"column":8,"line":733}},"243":{"end":{"column":57,"line":734},"start":{"column":12,"line":734}},"244":{"end":{"column":19,"line":755},"start":{"column":12,"line":735}},"245":{"end":{"column":39,"line":737},"start":{"column":20,"line":737}},"246":{"end":{"column":23,"line":742},"start":{"column":20,"line":738}},"247":{"end":{"column":25,"line":741},"start":{"column":24,"line":739}},"248":{"end":{"column":58,"line":740},"start":{"column":28,"line":740}},"249":{"end":{"column":21,"line":747},"start":{"column":20,"line":743}},"250":{"end":{"column":26,"line":746},"start":{"column":24,"line":744}},"251":{"end":{"column":46,"line":748},"start":{"column":20,"line":748}},"252":{"end":{"column":41,"line":750},"start":{"column":20,"line":750}},"253":{"end":{"column":42,"line":751},"start":{"column":20,"line":751}},"254":{"end":{"column":46,"line":754},"start":{"column":20,"line":752}},"255":{"end":{"column":9,"line":776},"start":{"column":8,"line":762}},"256":{"end":{"column":57,"line":764},"start":{"column":12,"line":763}},"257":{"end":{"column":40,"line":765},"start":{"column":12,"line":765}},"258":{"end":{"column":59,"line":766},"start":{"column":12,"line":766}},"259":{"end":{"column":19,"line":775},"start":{"column":12,"line":767}},"260":{"end":{"column":42,"line":770},"start":{"column":20,"line":770}},"261":{"end":{"column":45,"line":771},"start":{"column":20,"line":771}},"262":{"end":{"column":46,"line":774},"start":{"column":20,"line":772}},"263":{"end":{"column":9,"line":808},"start":{"column":8,"line":781}},"264":{"end":{"column":13,"line":786},"start":{"column":12,"line":782}},"265":{"end":{"column":42,"line":783},"start":{"column":16,"line":783}},"266":{"end":{"column":44,"line":784},"start":{"column":16,"line":784}},"267":{"end":{"column":23,"line":785},"start":{"column":16,"line":785}},"268":{"end":{"column":54,"line":789},"start":{"column":12,"line":788}},"269":{"end":{"column":19,"line":807},"start":{"column":12,"line":790}},"270":{"end":{"column":48,"line":792},"start":{"column":20,"line":792}},"271":{"end":{"column":21,"line":804},"start":{"column":20,"line":793}},"272":{"end":{"column":68,"line":796},"start":{"column":24,"line":796}},"273":{"end":{"column":27,"line":803},"start":{"column":24,"line":799}},"274":{"end":{"column":29,"line":802},"start":{"column":28,"line":800}},"275":{"end":{"column":59,"line":801},"start":{"column":32,"line":801}},"276":{"end":{"column":68,"line":806},"start":{"column":20,"line":806}},"277":{"end":{"column":9,"line":860},"start":{"column":8,"line":813}},"278":{"end":{"column":35,"line":814},"start":{"column":12,"line":814}},"279":{"end":{"column":37,"line":815},"start":{"column":12,"line":815}},"280":{"end":{"column":23,"line":818},"start":{"column":12,"line":816}},"281":{"end":{"column":63,"line":819},"start":{"column":12,"line":819}},"282":{"end":{"column":37,"line":820},"start":{"column":12,"line":820}},"283":{"end":{"column":15,"line":854},"start":{"column":12,"line":821}},"284":{"end":{"column":54,"line":823},"start":{"column":16,"line":822}},"285":{"end":{"column":17,"line":853},"start":{"column":16,"line":824}},"286":{"end":{"column":54,"line":825},"start":{"column":20,"line":825}},"287":{"end":{"column":21,"line":852},"start":{"column":20,"line":826}},"288":{"end":{"column":31,"line":837},"start":{"column":24,"line":827}},"289":{"end":{"column":75,"line":829},"start":{"column":32,"line":829}},"290":{"end":{"column":54,"line":832},"start":{"column":32,"line":832}},"291":{"end":{"column":57,"line":833},"start":{"column":32,"line":833}},"292":{"end":{"column":73,"line":836},"start":{"column":32,"line":834}},"293":{"end":{"column":31,"line":851},"start":{"column":24,"line":840}},"294":{"end":{"column":68,"line":842},"start":{"column":32,"line":842}},"295":{"end":{"column":51,"line":843},"start":{"column":32,"line":843}},"296":{"end":{"column":54,"line":846},"start":{"column":32,"line":846}},"297":{"end":{"column":57,"line":847},"start":{"column":32,"line":847}},"298":{"end":{"column":73,"line":850},"start":{"column":32,"line":848}},"299":{"end":{"column":43,"line":855},"start":{"column":12,"line":855}},"300":{"end":{"column":13,"line":859},"start":{"column":12,"line":856}},"301":{"end":{"column":40,"line":857},"start":{"column":16,"line":857}},"302":{"end":{"column":32,"line":858},"start":{"column":16,"line":858}},"303":{"end":{"column":10,"line":867},"start":{"column":8,"line":865}},"304":{"end":{"column":46,"line":866},"start":{"column":12,"line":866}}},"l":{"15":5,"18":5,"22":5,"32":5,"35":0,"37":0,"38":0,"39":0,"40":0,"41":0,"42":0,"43":0,"44":0,"45":0,"46":0,"47":0,"48":0,"49":0,"50":0,"51":0,"52":0,"53":0,"54":0,"55":0,"56":0,"59":0,"62":0,"65":0,"72":0,"75":0,"78":0,"89":5,"90":0,"91":0,"93":0,"94":0,"97":0,"99":0,"101":0,"102":0,"113":5,"114":0,"115":0,"117":0,"118":0,"119":0,"120":0,"121":0,"123":0,"125":0,"126":0,"127":0,"137":5,"138":0,"147":5,"148":0,"157":5,"158":0,"161":0,"162":0,"164":0,"165":0,"167":0,"170":0,"172":0,"173":0,"175":0,"184":5,"185":0,"188":0,"190":0,"192":0,"200":5,"201":0,"204":0,"205":0,"208":0,"209":0,"212":0,"213":0,"223":5,"224":0,"225":0,"226":0,"228":0,"230":0,"231":0,"232":0,"234":0,"235":0,"236":0,"246":5,"247":0,"248":0,"253":0,"254":0,"259":0,"267":0,"269":0,"272":0,"274":0,"278":0,"280":0,"284":0,"291":0,"293":0,"294":0,"298":0,"307":5,"308":0,"315":0,"317":0,"321":0,"322":0,"323":0,"324":0,"328":0,"329":0,"330":0,"334":0,"343":5,"344":0,"354":0,"355":0,"359":0,"361":0,"364":0,"365":0,"367":0,"368":0,"369":0,"370":0,"371":0,"372":0,"373":0,"380":0,"381":0,"382":0,"383":0,"387":0,"388":0,"389":0,"393":0,"401":5,"406":0,"417":0,"419":0,"420":0,"425":0,"426":0,"428":0,"429":0,"430":0,"433":0,"438":0,"439":0,"440":0,"441":0,"443":0,"444":0,"445":0,"447":0,"450":0,"453":0,"455":0,"458":0,"460":0,"464":0,"474":5,"475":0,"476":0,"478":0,"491":5,"492":0,"497":0,"499":0,"502":0,"505":0,"516":5,"517":0,"534":5,"535":0,"551":5,"552":0,"553":0,"556":0,"557":0,"559":0,"560":0,"562":0,"563":0,"567":0,"577":5,"578":0,"579":0,"581":0,"582":0,"584":0,"585":0,"587":0,"588":0,"591":0,"592":0,"596":0,"604":5,"605":0,"615":0,"625":5,"626":0,"636":0,"642":0,"645":5,"649":5,"656":5,"657":0,"659":0,"664":0,"665":0,"672":0,"673":0,"677":5,"681":5,"691":5,"694":0,"696":0,"697":0,"698":0,"699":0,"700":0,"702":0,"703":0,"704":0,"706":0,"707":0,"715":5,"716":0,"717":0,"719":0,"720":0,"722":0,"724":0,"733":5,"734":0,"735":0,"737":0,"738":0,"739":0,"740":0,"743":0,"744":0,"748":0,"750":0,"751":0,"752":0,"762":5,"763":0,"765":0,"766":0,"767":0,"770":0,"771":0,"772":0,"781":5,"782":0,"783":0,"784":0,"785":0,"788":0,"790":0,"792":0,"793":0,"796":0,"799":0,"800":0,"801":0,"806":0,"813":5,"814":0,"815":0,"816":0,"819":0,"820":0,"821":0,"822":0,"824":0,"825":0,"826":0,"827":0,"829":0,"832":0,"833":0,"834":0,"840":0,"842":0,"843":0,"846":0,"847":0,"848":0,"855":0,"856":0,"857":0,"858":0,"865":0,"866":0}},"components/results/resultsController.js":{"b":{"1":[0,0],"2":[0,0],"3":[0,0],"4":[0,0],"5":[0,0],"6":[0,0],"7":[0,0],"8":[0,0],"9":[0,0],"10":[0,0],"11":[0,0],"12":[0,0],"13":[0,0],"14":[0,0],"15":[0,0],"16":[0,0],"17":[0,0],"18":[0,0],"19":[0,0]},"branchMap":{"1":{"line":103,"locations":[{"end":{"column":8,"line":103},"start":{"column":8,"line":103}},{"end":{"column":8,"line":103},"start":{"column":8,"line":103}}],"type":"if"},"2":{"line":103,"locations":[{"end":{"column":30,"line":103},"start":{"column":12,"line":103}},{"end":{"column":62,"line":103},"start":{"column":34,"line":103}}],"type":"binary-expr"},"3":{"line":107,"locations":[{"end":{"column":34,"line":108},"start":{"column":12,"line":108}},{"end":{"column":61,"line":108},"start":{"column":37,"line":108}}],"type":"cond-expr"},"4":{"line":110,"locations":[{"end":{"column":71,"line":111},"start":{"column":12,"line":111}},{"end":{"column":19,"line":113},"start":{"column":12,"line":112}}],"type":"cond-expr"},"5":{"line":119,"locations":[{"end":{"column":8,"line":119},"start":{"column":8,"line":119}},{"end":{"column":8,"line":119},"start":{"column":8,"line":119}}],"type":"if"},"6":{"line":168,"locations":[{"end":{"column":12,"line":168},"start":{"column":12,"line":168}},{"end":{"column":12,"line":168},"start":{"column":12,"line":168}}],"type":"if"},"7":{"line":173,"locations":[{"end":{"column":12,"line":173},"start":{"column":12,"line":173}},{"end":{"column":12,"line":173},"start":{"column":12,"line":173}}],"type":"if"},"8":{"line":176,"locations":[{"end":{"column":12,"line":176},"start":{"column":12,"line":176}},{"end":{"column":12,"line":176},"start":{"column":12,"line":176}}],"type":"if"},"9":{"line":231,"locations":[{"end":{"column":12,"line":231},"start":{"column":12,"line":231}},{"end":{"column":12,"line":231},"start":{"column":12,"line":231}}],"type":"if"},"10":{"line":244,"locations":[{"end":{"column":24,"line":244},"start":{"column":24,"line":244}},{"end":{"column":24,"line":244},"start":{"column":24,"line":244}}],"type":"if"},"11":{"line":263,"locations":[{"end":{"column":12,"line":263},"start":{"column":12,"line":263}},{"end":{"column":12,"line":263},"start":{"column":12,"line":263}}],"type":"if"},"12":{"line":281,"locations":[{"end":{"column":12,"line":281},"start":{"column":12,"line":281}},{"end":{"column":12,"line":281},"start":{"column":12,"line":281}}],"type":"if"},"13":{"line":289,"locations":[{"end":{"column":24,"line":289},"start":{"column":24,"line":289}},{"end":{"column":24,"line":289},"start":{"column":24,"line":289}}],"type":"if"},"14":{"line":307,"locations":[{"end":{"column":50,"line":308},"start":{"column":25,"line":308}},{"end":{"column":57,"line":308},"start":{"column":53,"line":308}}],"type":"cond-expr"},"15":{"line":315,"locations":[{"end":{"column":20,"line":315},"start":{"column":20,"line":315}},{"end":{"column":20,"line":315},"start":{"column":20,"line":315}}],"type":"if"},"16":{"line":329,"locations":[{"end":{"column":12,"line":329},"start":{"column":12,"line":329}},{"end":{"column":12,"line":329},"start":{"column":12,"line":329}}],"type":"if"},"17":{"line":343,"locations":[{"end":{"column":20,"line":343},"start":{"column":20,"line":343}},{"end":{"column":20,"line":343},"start":{"column":20,"line":343}}],"type":"if"},"18":{"line":345,"locations":[{"end":{"column":28,"line":345},"start":{"column":28,"line":345}},{"end":{"column":28,"line":345},"start":{"column":28,"line":345}}],"type":"if"},"19":{"line":361,"locations":[{"end":{"column":12,"line":361},"start":{"column":12,"line":361}},{"end":{"column":12,"line":361},"start":{"column":12,"line":361}}],"type":"if"}},"f":{"1":5,"2":0,"3":0,"4":0,"5":0,"6":0,"7":0,"8":0,"9":0,"10":0,"11":0,"12":0,"13":0,"14":0,"15":0,"16":0,"17":0,"18":0,"19":0,"20":0,"21":0,"22":0,"23":0,"24":0,"25":0,"26":0,"27":0,"28":0,"29":0,"30":0,"31":0,"32":0,"33":0,"34":0,"35":0},"fnMap":{"1":{"line":15,"loc":{"end":{"column":13,"line":15},"start":{"column":1,"line":15}},"name":"(anonymous_1)"},"2":{"line":24,"loc":{"end":{"column":61,"line":24},"start":{"column":43,"line":24}},"name":"(anonymous_2)"},"3":{"line":27,"loc":{"end":{"column":53,"line":27},"start":{"column":21,"line":27}},"name":"(anonymous_3)"},"4":{"line":31,"loc":{"end":{"column":51,"line":31},"start":{"column":41,"line":31}},"name":"(anonymous_4)"},"5":{"line":32,"loc":{"end":{"column":44,"line":32},"start":{"column":34,"line":32}},"name":"(anonymous_5)"},"6":{"line":49,"loc":{"end":{"column":20,"line":50},"start":{"column":4,"line":49}},"name":"ResultsController"},"7":{"line":128,"loc":{"end":{"column":49,"line":128},"start":{"column":8,"line":128}},"name":"uploadFileToUrl"},"8":{"line":138,"loc":{"end":{"column":34,"line":138},"start":{"column":20,"line":138}},"name":"(anonymous_8)"},"9":{"line":144,"loc":{"end":{"column":40,"line":144},"start":{"column":18,"line":144}},"name":"(anonymous_9)"},"10":{"line":149,"loc":{"end":{"column":29,"line":149},"start":{"column":8,"line":149}},"name":"uploadFile"},"11":{"line":162,"loc":{"end":{"column":26,"line":162},"start":{"column":8,"line":162}},"name":"update"},"12":{"line":180,"loc":{"end":{"column":63,"line":180},"start":{"column":47,"line":180}},"name":"(anonymous_12)"},"13":{"line":184,"loc":{"end":{"column":42,"line":184},"start":{"column":25,"line":184}},"name":"(anonymous_13)"},"14":{"line":201,"loc":{"end":{"column":39,"line":201},"start":{"column":8,"line":201}},"name":"open"},"15":{"line":211,"loc":{"end":{"column":32,"line":211},"start":{"column":8,"line":211}},"name":"clearFilters"},"16":{"line":224,"loc":{"end":{"column":50,"line":224},"start":{"column":8,"line":224}},"name":"associateMeta"},"17":{"line":233,"loc":{"end":{"column":41,"line":233},"start":{"column":29,"line":233}},"name":"(anonymous_17)"},"18":{"line":235,"loc":{"end":{"column":46,"line":235},"start":{"column":29,"line":235}},"name":"(anonymous_18)"},"19":{"line":241,"loc":{"end":{"column":41,"line":241},"start":{"column":29,"line":241}},"name":"(anonymous_19)"},"20":{"line":243,"loc":{"end":{"column":46,"line":243},"start":{"column":29,"line":243}},"name":"(anonymous_20)"},"21":{"line":262,"loc":{"end":{"column":34,"line":262},"start":{"column":8,"line":262}},"name":"getVersionList"},"22":{"line":268,"loc":{"end":{"column":63,"line":268},"start":{"column":47,"line":268}},"name":"(anonymous_22)"},"23":{"line":270,"loc":{"end":{"column":42,"line":270},"start":{"column":25,"line":270}},"name":"(anonymous_23)"},"24":{"line":280,"loc":{"end":{"column":35,"line":280},"start":{"column":8,"line":280}},"name":"getUserProducts"},"25":{"line":286,"loc":{"end":{"column":62,"line":286},"start":{"column":46,"line":286}},"name":"(anonymous_25)"},"26":{"line":288,"loc":{"end":{"column":66,"line":288},"start":{"column":51,"line":288}},"name":"(anonymous_26)"},"27":{"line":293,"loc":{"end":{"column":42,"line":293},"start":{"column":25,"line":293}},"name":"(anonymous_27)"},"28":{"line":306,"loc":{"end":{"column":49,"line":306},"start":{"column":8,"line":306}},"name":"associateProductVersion"},"29":{"line":313,"loc":{"end":{"column":41,"line":313},"start":{"column":25,"line":313}},"name":"(anonymous_29)"},"30":{"line":320,"loc":{"end":{"column":42,"line":320},"start":{"column":25,"line":320}},"name":"(anonymous_30)"},"31":{"line":328,"loc":{"end":{"column":44,"line":328},"start":{"column":8,"line":328}},"name":"getProductVersions"},"32":{"line":338,"loc":{"end":{"column":41,"line":338},"start":{"column":25,"line":338}},"name":"(anonymous_32)"},"33":{"line":344,"loc":{"end":{"column":60,"line":344},"start":{"column":46,"line":344}},"name":"(anonymous_33)"},"34":{"line":350,"loc":{"end":{"column":42,"line":350},"start":{"column":25,"line":350}},"name":"(anonymous_34)"},"35":{"line":359,"loc":{"end":{"column":41,"line":359},"start":{"column":8,"line":359}},"name":"prepVersionEdit"}},"path":"components/results/resultsController.js","s":{"1":5,"2":5,"3":5,"4":0,"5":0,"6":0,"7":0,"8":0,"9":0,"10":5,"11":5,"12":0,"13":0,"14":0,"15":0,"16":0,"17":0,"18":0,"19":0,"20":0,"21":0,"22":0,"23":0,"24":0,"25":0,"26":0,"27":0,"28":0,"29":0,"30":0,"31":0,"32":0,"33":0,"34":0,"35":0,"36":0,"37":0,"38":0,"39":0,"40":5,"41":0,"42":0,"43":0,"44":0,"45":0,"46":0,"47":0,"48":0,"49":5,"50":0,"51":0,"52":0,"53":0,"54":0,"55":5,"56":0,"57":0,"58":0,"59":0,"60":0,"61":0,"62":0,"63":0,"64":0,"65":0,"66":0,"67":0,"68":0,"69":0,"70":0,"71":0,"72":0,"73":0,"74":5,"75":0,"76":0,"77":0,"78":5,"79":0,"80":0,"81":0,"82":5,"83":0,"84":0,"85":0,"86":0,"87":0,"88":0,"89":0,"90":0,"91":0,"92":0,"93":0,"94":0,"95":5,"96":0,"97":0,"98":0,"99":0,"100":0,"101":0,"102":5,"103":0,"104":0,"105":0,"106":0,"107":0,"108":0,"109":0,"110":0,"111":0,"112":0,"113":0,"114":5,"115":0,"116":0,"117":0,"118":0,"119":0,"120":0,"121":0,"122":0,"123":0,"124":5,"125":0,"126":0,"127":0,"128":0,"129":0,"130":0,"131":0,"132":0,"133":0,"134":0,"135":0,"136":0,"137":5,"138":0,"139":0,"140":0,"141":0,"142":0},"statementMap":{"1":{"end":{"column":5,"line":370},"start":{"column":0,"line":15}},"2":{"end":{"column":60,"line":20},"start":{"column":4,"line":18}},"3":{"end":{"column":13,"line":38},"start":{"column":4,"line":22}},"4":{"end":{"column":14,"line":37},"start":{"column":12,"line":25}},"5":{"end":{"column":54,"line":28},"start":{"column":18,"line":28}},"6":{"end":{"column":49,"line":29},"start":{"column":18,"line":29}},"7":{"end":{"column":21,"line":35},"start":{"column":18,"line":31}},"8":{"end":{"column":24,"line":34},"start":{"column":21,"line":32}},"9":{"end":{"column":64,"line":33},"start":{"column":24,"line":33}},"10":{"end":{"column":6,"line":42},"start":{"column":4,"line":40}},"11":{"end":{"column":5,"line":369},"start":{"column":4,"line":49}},"12":{"end":{"column":24,"line":51},"start":{"column":8,"line":51}},"13":{"end":{"column":35,"line":53},"start":{"column":8,"line":53}},"14":{"end":{"column":29,"line":54},"start":{"column":8,"line":54}},"15":{"end":{"column":25,"line":55},"start":{"column":8,"line":55}},"16":{"end":{"column":41,"line":56},"start":{"column":8,"line":56}},"17":{"end":{"column":43,"line":57},"start":{"column":8,"line":57}},"18":{"end":{"column":45,"line":58},"start":{"column":8,"line":58}},"19":{"end":{"column":47,"line":59},"start":{"column":8,"line":59}},"20":{"end":{"column":63,"line":60},"start":{"column":8,"line":60}},"21":{"end":{"column":53,"line":61},"start":{"column":8,"line":61}},"22":{"end":{"column":47,"line":62},"start":{"column":8,"line":62}},"23":{"end":{"column":10,"line":69},"start":{"column":8,"line":65}},"24":{"end":{"column":29,"line":72},"start":{"column":8,"line":72}},"25":{"end":{"column":31,"line":80},"start":{"column":8,"line":80}},"26":{"end":{"column":25,"line":86},"start":{"column":8,"line":86}},"27":{"end":{"column":28,"line":89},"start":{"column":8,"line":89}},"28":{"end":{"column":26,"line":92},"start":{"column":8,"line":92}},"29":{"end":{"column":35,"line":95},"start":{"column":8,"line":95}},"30":{"end":{"column":67,"line":100},"start":{"column":8,"line":100}},"31":{"end":{"column":9,"line":105},"start":{"column":8,"line":103}},"32":{"end":{"column":30,"line":104},"start":{"column":12,"line":104}},"33":{"end":{"column":62,"line":108},"start":{"column":8,"line":107}},"34":{"end":{"column":20,"line":113},"start":{"column":8,"line":110}},"35":{"end":{"column":30,"line":115},"start":{"column":8,"line":115}},"36":{"end":{"column":30,"line":117},"start":{"column":8,"line":117}},"37":{"end":{"column":9,"line":125},"start":{"column":8,"line":119}},"38":{"end":{"column":35,"line":121},"start":{"column":12,"line":120}},"39":{"end":{"column":26,"line":124},"start":{"column":12,"line":124}},"40":{"end":{"column":9,"line":147},"start":{"column":8,"line":128}},"41":{"end":{"column":35,"line":129},"start":{"column":11,"line":129}},"42":{"end":{"column":35,"line":130},"start":{"column":11,"line":130}},"43":{"end":{"column":45,"line":131},"start":{"column":11,"line":131}},"44":{"end":{"column":14,"line":146},"start":{"column":11,"line":133}},"45":{"end":{"column":70,"line":139},"start":{"column":14,"line":139}},"46":{"end":{"column":70,"line":140},"start":{"column":14,"line":140}},"47":{"end":{"column":28,"line":141},"start":{"column":14,"line":141}},"48":{"end":{"column":74,"line":145},"start":{"column":14,"line":145}},"49":{"end":{"column":9,"line":156},"start":{"column":8,"line":149}},"50":{"end":{"column":40,"line":150},"start":{"column":11,"line":150}},"51":{"end":{"column":36,"line":151},"start":{"column":11,"line":151}},"52":{"end":{"column":29,"line":152},"start":{"column":11,"line":152}},"53":{"end":{"column":61,"line":154},"start":{"column":11,"line":154}},"54":{"end":{"column":44,"line":155},"start":{"column":11,"line":155}},"55":{"end":{"column":9,"line":192},"start":{"column":8,"line":162}},"56":{"end":{"column":35,"line":163},"start":{"column":12,"line":163}},"57":{"end":{"column":44,"line":166},"start":{"column":12,"line":165}},"58":{"end":{"column":70,"line":167},"start":{"column":12,"line":167}},"59":{"end":{"column":13,"line":171},"start":{"column":12,"line":168}},"60":{"end":{"column":65,"line":170},"start":{"column":16,"line":169}},"61":{"end":{"column":66,"line":172},"start":{"column":12,"line":172}},"62":{"end":{"column":13,"line":175},"start":{"column":12,"line":173}},"63":{"end":{"column":71,"line":174},"start":{"column":16,"line":174}},"64":{"end":{"column":13,"line":178},"start":{"column":12,"line":176}},"65":{"end":{"column":54,"line":177},"start":{"column":16,"line":177}},"66":{"end":{"column":19,"line":191},"start":{"column":12,"line":179}},"67":{"end":{"column":37,"line":181},"start":{"column":20,"line":181}},"68":{"end":{"column":91,"line":182},"start":{"column":20,"line":182}},"69":{"end":{"column":73,"line":183},"start":{"column":20,"line":183}},"70":{"end":{"column":37,"line":185},"start":{"column":20,"line":185}},"71":{"end":{"column":40,"line":186},"start":{"column":20,"line":186}},"72":{"end":{"column":42,"line":187},"start":{"column":20,"line":187}},"73":{"end":{"column":46,"line":190},"start":{"column":20,"line":188}},"74":{"end":{"column":9,"line":205},"start":{"column":8,"line":201}},"75":{"end":{"column":36,"line":202},"start":{"column":12,"line":202}},"76":{"end":{"column":37,"line":203},"start":{"column":12,"line":203}},"77":{"end":{"column":33,"line":204},"start":{"column":12,"line":204}},"78":{"end":{"column":9,"line":215},"start":{"column":8,"line":211}},"79":{"end":{"column":34,"line":212},"start":{"column":12,"line":212}},"80":{"end":{"column":32,"line":213},"start":{"column":12,"line":213}},"81":{"end":{"column":26,"line":214},"start":{"column":12,"line":214}},"82":{"end":{"column":9,"line":254},"start":{"column":8,"line":224}},"83":{"end":{"column":53,"line":225},"start":{"column":12,"line":225}},"84":{"end":{"column":23,"line":228},"start":{"column":12,"line":226}},"85":{"end":{"column":40,"line":230},"start":{"column":12,"line":230}},"86":{"end":{"column":13,"line":253},"start":{"column":12,"line":231}},"87":{"end":{"column":23,"line":237},"start":{"column":16,"line":232}},"88":{"end":{"column":67,"line":234},"start":{"column":24,"line":234}},"89":{"end":{"column":72,"line":236},"start":{"column":24,"line":236}},"90":{"end":{"column":23,"line":252},"start":{"column":16,"line":240}},"91":{"end":{"column":67,"line":242},"start":{"column":24,"line":242}},"92":{"end":{"column":25,"line":251},"start":{"column":24,"line":244}},"93":{"end":{"column":71,"line":247},"start":{"column":28,"line":247}},"94":{"end":{"column":76,"line":250},"start":{"column":28,"line":250}},"95":{"end":{"column":9,"line":274},"start":{"column":8,"line":262}},"96":{"end":{"column":13,"line":265},"start":{"column":12,"line":263}},"97":{"end":{"column":23,"line":264},"start":{"column":16,"line":264}},"98":{"end":{"column":60,"line":266},"start":{"column":12,"line":266}},"99":{"end":{"column":19,"line":273},"start":{"column":12,"line":267}},"100":{"end":{"column":61,"line":269},"start":{"column":20,"line":269}},"101":{"end":{"column":66,"line":272},"start":{"column":20,"line":271}},"102":{"end":{"column":9,"line":300},"start":{"column":8,"line":280}},"103":{"end":{"column":13,"line":283},"start":{"column":12,"line":281}},"104":{"end":{"column":23,"line":282},"start":{"column":16,"line":282}},"105":{"end":{"column":57,"line":284},"start":{"column":12,"line":284}},"106":{"end":{"column":19,"line":299},"start":{"column":12,"line":285}},"107":{"end":{"column":39,"line":287},"start":{"column":20,"line":287}},"108":{"end":{"column":23,"line":292},"start":{"column":20,"line":288}},"109":{"end":{"column":25,"line":291},"start":{"column":24,"line":289}},"110":{"end":{"column":58,"line":290},"start":{"column":28,"line":290}},"111":{"end":{"column":41,"line":294},"start":{"column":20,"line":294}},"112":{"end":{"column":42,"line":295},"start":{"column":20,"line":295}},"113":{"end":{"column":46,"line":298},"start":{"column":20,"line":296}},"114":{"end":{"column":9,"line":323},"start":{"column":8,"line":306}},"115":{"end":{"column":59,"line":308},"start":{"column":12,"line":307}},"116":{"end":{"column":35,"line":309},"start":{"column":12,"line":309}},"117":{"end":{"column":59,"line":310},"start":{"column":12,"line":310}},"118":{"end":{"column":19,"line":322},"start":{"column":12,"line":311}},"119":{"end":{"column":68,"line":314},"start":{"column":20,"line":314}},"120":{"end":{"column":21,"line":318},"start":{"column":20,"line":315}},"121":{"end":{"column":51,"line":317},"start":{"column":24,"line":316}},"122":{"end":{"column":47,"line":319},"start":{"column":20,"line":319}},"123":{"end":{"column":68,"line":321},"start":{"column":20,"line":321}},"124":{"end":{"column":9,"line":353},"start":{"column":8,"line":328}},"125":{"end":{"column":13,"line":333},"start":{"column":12,"line":329}},"126":{"end":{"column":44,"line":330},"start":{"column":16,"line":330}},"127":{"end":{"column":46,"line":331},"start":{"column":16,"line":331}},"128":{"end":{"column":23,"line":332},"start":{"column":16,"line":332}},"129":{"end":{"column":56,"line":336},"start":{"column":12,"line":335}},"130":{"end":{"column":19,"line":352},"start":{"column":12,"line":337}},"131":{"end":{"column":50,"line":339},"start":{"column":20,"line":339}},"132":{"end":{"column":21,"line":349},"start":{"column":20,"line":343}},"133":{"end":{"column":27,"line":348},"start":{"column":24,"line":344}},"134":{"end":{"column":29,"line":347},"start":{"column":28,"line":345}},"135":{"end":{"column":61,"line":346},"start":{"column":32,"line":346}},"136":{"end":{"column":68,"line":351},"start":{"column":20,"line":351}},"137":{"end":{"column":9,"line":367},"start":{"column":8,"line":359}},"138":{"end":{"column":38,"line":360},"start":{"column":12,"line":360}},"139":{"end":{"column":13,"line":364},"start":{"column":12,"line":361}},"140":{"end":{"column":74,"line":363},"start":{"column":16,"line":362}},"141":{"end":{"column":60,"line":365},"start":{"column":12,"line":365}},"142":{"end":{"column":44,"line":366},"start":{"column":12,"line":366}}},"l":{"15":5,"18":5,"22":5,"25":0,"28":0,"29":0,"31":0,"32":0,"33":0,"40":5,"49":5,"51":0,"53":0,"54":0,"55":0,"56":0,"57":0,"58":0,"59":0,"60":0,"61":0,"62":0,"65":0,"72":0,"80":0,"86":0,"89":0,"92":0,"95":0,"100":0,"103":0,"104":0,"107":0,"110":0,"115":0,"117":0,"119":0,"120":0,"124":0,"128":5,"129":0,"130":0,"131":0,"133":0,"139":0,"140":0,"141":0,"145":0,"149":5,"150":0,"151":0,"152":0,"154":0,"155":0,"162":5,"163":0,"165":0,"167":0,"168":0,"169":0,"172":0,"173":0,"174":0,"176":0,"177":0,"179":0,"181":0,"182":0,"183":0,"185":0,"186":0,"187":0,"188":0,"201":5,"202":0,"203":0,"204":0,"211":5,"212":0,"213":0,"214":0,"224":5,"225":0,"226":0,"230":0,"231":0,"232":0,"234":0,"236":0,"240":0,"242":0,"244":0,"247":0,"250":0,"262":5,"263":0,"264":0,"266":0,"267":0,"269":0,"271":0,"280":5,"281":0,"282":0,"284":0,"285":0,"287":0,"288":0,"289":0,"290":0,"294":0,"295":0,"296":0,"306":5,"307":0,"309":0,"310":0,"311":0,"314":0,"315":0,"316":0,"319":0,"321":0,"328":5,"329":0,"330":0,"331":0,"332":0,"335":0,"337":0,"339":0,"343":0,"344":0,"345":0,"346":0,"351":0,"359":5,"360":0,"361":0,"362":0,"365":0,"366":0}}}